#
# A fatal error has been detected by the Java Runtime Environment:
#
#  SIGSEGV (0xb) at pc=0x00007f372ec52b76, pid=10101, tid=139874177021696
#
# JRE version: OpenJDK Runtime Environment (7.0_95) (build 1.7.0_95-b00)
# Java VM: OpenJDK 64-Bit Server VM (24.95-b01 mixed mode linux-amd64 compressed oops)
# Derivative: IcedTea 2.6.4
# Distribution: Ubuntu 15.04, package 7u95-2.6.4-0ubuntu0.15.04.1
# Problematic frame:
# V  [libjvm.so+0x985b76]
#
# Failed to write core dump. Core dumps have been disabled. To enable core dumping, try "ulimit -c unlimited" before starting Java again
#
# If you would like to submit a bug report, please include
# instructions on how to reproduce the bug and visit:
#   http://icedtea.classpath.org/bugzilla
#

---------------  T H R E A D  ---------------

Current thread (0x00007f37280be800):  JavaThread "JDWP Transport Listener: dt_socket" daemon [_thread_in_vm, id=10122, stack(0x00007f36fe927000,0x00007f36fea28000)]

siginfo:si_signo=SIGSEGV: si_errno=0, si_code=2 (SEGV_ACCERR), si_addr=0x00007f372fe04ff0

Registers:
RAX=0x00000000e1a5ede0, RBX=0x00007f37280cc5d0, RCX=0x000000000000fca1, RDX=0x000000000000fca0
RSP=0x00007f36fea261a0, RBP=0x00007f36fea26250, RSI=0x0000000000000000, RDI=0x0000000000000020
R8 =0x00007f36ec2302c0, R9 =0x0000000000000000, R10=0x0000000000000022, R11=0x0000000000000206
R12=0x00007f37280ccbd0, R13=0x00007f372fe04fe8, R14=0x00007f36fea261e0, R15=0x0000000000000000
RIP=0x00007f372ec52b76, EFLAGS=0x0000000000010246, CSGSFS=0x0000000000000033, ERR=0x0000000000000004
  TRAPNO=0x000000000000000e

Top of Stack: (sp=0x00007f36fea261a0)
0x00007f36fea261a0:   0000000000000000 00007f36ec16ef80
0x00007f36fea261b0:   00007f372ff019d0 00007f37250060d8
0x00007f36fea261c0:   00007f3725005310 0000000000000000
0x00007f36fea261d0:   00007f372ff01a48 00007f372ff01a08
0x00007f36fea261e0:   00007f372ff019d0 00007f37250060d8
0x00007f36fea261f0:   00007f3725005310 0000000000000000
0x00007f36fea26200:   00007f372ff01a48 00007f372ff01a08
0x00007f36fea26210:   00007f37280b68d0 22750aa8be83fa00
0x00007f36fea26220:   0000000000000000 00007f37280b68d0
0x00007f36fea26230:   0000000000000000 00007f372800c800
0x00007f36fea26240:   00007f36ec006120 00007f372800c800
0x00007f36fea26250:   00007f36fea26330 00007f372e986828
0x00007f36fea26260:   00007f36fea262d0 00007f372ec07179
0x00007f36fea26270:   00007f372ff01a08 22750aa8be83fa00
0x00007f36fea26280:   00000000000083b0 00000001be83fa00
0x00007f36fea26290:   00007f37280be800 00007f37280d3fa8
0x00007f36fea262a0:   00007f37280ccbd0 00007f37280cbfc0
0x00007f36fea262b0:   00007f3728003980 00007f37280b68d0
0x00007f36fea262c0:   00007f36fea26330 00007f372ec07179
0x00007f36fea262d0:   00007f372ff01980 22750aa8be83fa00
0x00007f36fea262e0:   00007f3725005310 0000000000000001
0x00007f36fea262f0:   00007f372f0cff38 22750aa8be83fa00
0x00007f36fea26300:   00007f36ec006120 0000000000000001
0x00007f36fea26310:   00007f372f0cff38 00007f372800c800
0x00007f36fea26320:   00007f36ec006120 00007f37280cc5d0
0x00007f36fea26330:   00007f36fea269c0 00007f372e986c95
0x00007f36fea26340:   0000000000000000 00000000000003d8
0x00007f36fea26350:   00007f37280b68d0 00007f37280bf3f8
0x00007f36fea26360:   00007f37280bf020 00007f36ec006120
0x00007f36fea26370:   00007f36fea26390 00007f37280bf010
0x00007f36fea26380:   00007f37280be800 00007f3728003980
0x00007f36fea26390:   00007f37280be800 00007f37280bf400 

Instructions: (pc=0x00007f372ec52b76)
0x00007f372ec52b56:   89 45 b0 48 8b 43 30 48 89 45 b8 e8 da 0c ba ff
0x00007f372ec52b66:   49 39 c5 0f 82 11 01 00 00 31 f6 bf 20 00 00 00
0x00007f372ec52b76:   4d 8b 7d 08 e8 d1 7b f0 ff 48 85 c0 49 89 c0 74
0x00007f372ec52b86:   17 4c 89 38 48 c7 40 10 00 00 00 00 4c 89 68 08 

Register to memory mapping:

RAX=0x00000000e1a5ede0 is an oop
java.lang.IndexOutOfBoundsException 
 - klass: 'java/lang/IndexOutOfBoundsException'
RBX=0x00007f37280cc5d0 is an unknown value
RCX=0x000000000000fca1 is an unknown value
RDX=0x000000000000fca0 is an unknown value
RSP=0x00007f36fea261a0 is pointing into the stack for thread: 0x00007f37280be800
RBP=0x00007f36fea26250 is pointing into the stack for thread: 0x00007f37280be800
RSI=0x0000000000000000 is an unknown value
RDI=0x0000000000000020 is an unknown value
R8 =0x00007f36ec2302c0 is an unknown value
R9 =0x0000000000000000 is an unknown value
R10=0x0000000000000022 is an unknown value
R11=0x0000000000000206 is an unknown value
R12=0x00007f37280ccbd0 is an unknown value
R13=0x00007f372fe04fe8 is pointing into the stack for thread: 0x00007f372800c800
R14=0x00007f36fea261e0 is pointing into the stack for thread: 0x00007f37280be800
R15=0x0000000000000000 is an unknown value


Stack: [0x00007f36fe927000,0x00007f36fea28000],  sp=0x00007f36fea261a0,  free space=1020k
Native frames: (J=compiled Java code, j=interpreted, Vv=VM code, C=native code)
V  [libjvm.so+0x985b76]
V  [libjvm.so+0x6b9828]
V  [libjvm.so+0x6b9c95]
V  [libjvm.so+0x6aecde]
V  [libjvm.so+0x6684d7]
C  [libjdwp.so+0xa3f6]
C  [libjdwp.so+0x11b18]
C  [libjdwp.so+0x23f65]
V  [libjvm.so+0x6d01e1]
V  [libjvm.so+0x93c698]
V  [libjvm.so+0x93c921]
V  [libjvm.so+0x800642]


---------------  P R O C E S S  ---------------

Java Threads: ( => current thread )
  0x00007f37280ca000 JavaThread "Service Thread" daemon [_thread_blocked, id=10131, stack(0x00007f36fe422000,0x00007f36fe523000)]
  0x00007f37280c7800 JavaThread "C2 CompilerThread1" daemon [_thread_blocked, id=10130, stack(0x00007f36fe523000,0x00007f36fe624000)]
  0x00007f37280c4800 JavaThread "C2 CompilerThread0" daemon [_thread_blocked, id=10129, stack(0x00007f36fe624000,0x00007f36fe725000)]
  0x00007f36ec001000 JavaThread "JDWP Command Reader" daemon [_thread_in_native, id=10126, stack(0x00007f36fe725000,0x00007f36fe826000)]
  0x00007f37280c2000 JavaThread "JDWP Event Helper Thread" daemon [_thread_blocked, id=10124, stack(0x00007f36fe826000,0x00007f36fe927000)]
=>0x00007f37280be800 JavaThread "JDWP Transport Listener: dt_socket" daemon [_thread_in_vm, id=10122, stack(0x00007f36fe927000,0x00007f36fea28000)]
  0x00007f37280b1800 JavaThread "Signal Dispatcher" daemon [_thread_blocked, id=10120, stack(0x00007f36fec2d000,0x00007f36fed2e000)]
  0x00007f3728087800 JavaThread "Finalizer" daemon [_thread_blocked, id=10119, stack(0x00007f36fed2e000,0x00007f36fee2f000)]
  0x00007f3728085800 JavaThread "Reference Handler" daemon [_thread_blocked, id=10118, stack(0x00007f36fee2f000,0x00007f36fef30000)]
  0x00007f372800c800 JavaThread "main" [_thread_blocked, id=10103, stack(0x00007f372fe02000,0x00007f372ff03000)]

Other Threads:
  0x00007f3728081000 VMThread [stack: 0x00007f36fef30000,0x00007f36ff031000] [id=10116]
  0x00007f37280d5000 WatcherThread [stack: 0x00007f36fe321000,0x00007f36fe422000] [id=10132]

VM state:not at safepoint (normal execution)

VM Mutex/Monitor currently owned by a thread: None

Heap
 PSYoungGen      total 27648K, used 1444K [0x00000000e1a00000, 0x00000000e3880000, 0x0000000100000000)
  eden space 24064K, 6% used [0x00000000e1a00000,0x00000000e1b69058,0x00000000e3180000)
  from space 3584K, 0% used [0x00000000e3500000,0x00000000e3500000,0x00000000e3880000)
  to   space 3584K, 0% used [0x00000000e3180000,0x00000000e3180000,0x00000000e3500000)
 ParOldGen       total 61952K, used 0K [0x00000000a4e00000, 0x00000000a8a80000, 0x00000000e1a00000)
  object space 61952K, 0% used [0x00000000a4e00000,0x00000000a4e00000,0x00000000a8a80000)
 PSPermGen       total 21504K, used 2911K [0x000000009a800000, 0x000000009bd00000, 0x00000000a4e00000)
  object space 21504K, 13% used [0x000000009a800000,0x000000009aad7d60,0x000000009bd00000)

Card table byte_map: [0x00007f3724cd3000,0x00007f3725000000] byte_map_base: 0x00007f37247ff000

Polling page: 0x00007f372ff51000

Code Cache  [0x00007f3725000000, 0x00007f3725270000, 0x00007f3728000000)
 total_blobs=160 nmethods=0 adapters=137 free_code_cache=48776Kb largest_free_block=49946240

Compilation events (0 events):
No events

GC Heap History (0 events):
No events

Deoptimization events (0 events):
No events

Internal exceptions (8 events):
Event: 0.026 Thread 0x00007f372800c800 Threw 0x00000000e1a0f140 at /build/openjdk-7-3x2aMC/openjdk-7-7u95-2.6.4/build/openjdk/hotspot/src/share/vm/prims/jni.cpp:4027
Event: 0.130 Thread 0x00007f372800c800 Threw 0x00000000e1a4af48 at /build/openjdk-7-3x2aMC/openjdk-7-7u95-2.6.4/build/openjdk/hotspot/src/share/vm/prims/jni.cpp:721
Event: 0.130 Thread 0x00007f372800c800 Threw 0x00000000e1a4b0c8 at /build/openjdk-7-3x2aMC/openjdk-7-7u95-2.6.4/build/openjdk/hotspot/src/share/vm/prims/jvm.cpp:1322
Event: 0.130 Thread 0x00007f372800c800 Threw 0x00000000e1a4b1f0 at /build/openjdk-7-3x2aMC/openjdk-7-7u95-2.6.4/build/openjdk/hotspot/src/share/vm/prims/jvm.cpp:1322
Event: 0.131 Thread 0x00007f372800c800 Threw 0x00000000e1a4b440 at /build/openjdk-7-3x2aMC/openjdk-7-7u95-2.6.4/build/openjdk/hotspot/src/share/vm/prims/jvm.cpp:1322
Event: 0.139 Thread 0x00007f372800c800 Threw 0x00000000e1a599a0 at /build/openjdk-7-3x2aMC/openjdk-7-7u95-2.6.4/build/openjdk/hotspot/src/share/vm/prims/jvm.cpp:1322
Event: 0.140 Thread 0x00007f372800c800 Threw 0x00000000e1a5b5c8 at /build/openjdk-7-3x2aMC/openjdk-7-7u95-2.6.4/build/openjdk/hotspot/src/share/vm/prims/jvm.cpp:1322
Event: 0.140 Thread 0x00007f372800c800 Threw 0x00000000e1a5d018 at /build/openjdk-7-3x2aMC/openjdk-7-7u95-2.6.4/build/openjdk/hotspot/src/share/vm/prims/jvm.cpp:1322

Events (10 events):
Event: 17.066 Executing VM operation: ChangeBreakpoints
Event: 17.066 Executing VM operation: ChangeBreakpoints done
Event: 17.068 Executing VM operation: EnterInterpOnlyMode
Event: 17.068 Executing VM operation: EnterInterpOnlyMode done
Event: 17.068 Executing VM operation: GetCurrentLocation
Event: 17.068 Executing VM operation: GetCurrentLocation done
Event: 17.068 Executing VM operation: ChangeSingleStep
Event: 17.068 Executing VM operation: ChangeSingleStep done
Event: 17.068 Executing VM operation: ChangeSingleStep
Event: 17.068 Executing VM operation: ChangeSingleStep done


Dynamic libraries:
00400000-00401000 r-xp 00000000 08:05 2897951                            /usr/lib/jvm/java-7-openjdk-amd64/jre/bin/java
00600000-00601000 r--p 00000000 08:05 2897951                            /usr/lib/jvm/java-7-openjdk-amd64/jre/bin/java
00601000-00602000 rw-p 00001000 08:05 2897951                            /usr/lib/jvm/java-7-openjdk-amd64/jre/bin/java
02538000-02559000 rw-p 00000000 00:00 0                                  [heap]
9a800000-9bd00000 rw-p 00000000 00:00 0 
9bd00000-a4e00000 rw-p 00000000 00:00 0 
a4e00000-a8a80000 rw-p 00000000 00:00 0 
a8a80000-e1a00000 rw-p 00000000 00:00 0 
e1a00000-e3880000 rw-p 00000000 00:00 0 
e3880000-100000000 rw-p 00000000 00:00 0 
7f36d0000000-7f36d0021000 rw-p 00000000 00:00 0 
7f36d0021000-7f36d4000000 ---p 00000000 00:00 0 
7f36d4000000-7f36d4021000 rw-p 00000000 00:00 0 
7f36d4021000-7f36d8000000 ---p 00000000 00:00 0 
7f36d8000000-7f36d8021000 rw-p 00000000 00:00 0 
7f36d8021000-7f36dc000000 ---p 00000000 00:00 0 
7f36dc000000-7f36dc021000 rw-p 00000000 00:00 0 
7f36dc021000-7f36e0000000 ---p 00000000 00:00 0 
7f36e0000000-7f36e0021000 rw-p 00000000 00:00 0 
7f36e0021000-7f36e4000000 ---p 00000000 00:00 0 
7f36e4000000-7f36e4021000 rw-p 00000000 00:00 0 
7f36e4021000-7f36e8000000 ---p 00000000 00:00 0 
7f36e8000000-7f36e8021000 rw-p 00000000 00:00 0 
7f36e8021000-7f36ec000000 ---p 00000000 00:00 0 
7f36ec000000-7f36ec23c000 rw-p 00000000 00:00 0 
7f36ec23c000-7f36f0000000 ---p 00000000 00:00 0 
7f36f0000000-7f36f0021000 rw-p 00000000 00:00 0 
7f36f0021000-7f36f4000000 ---p 00000000 00:00 0 
7f36f4000000-7f36f4021000 rw-p 00000000 00:00 0 
7f36f4021000-7f36f8000000 ---p 00000000 00:00 0 
7f36f8000000-7f36f8021000 rw-p 00000000 00:00 0 
7f36f8021000-7f36fc000000 ---p 00000000 00:00 0 
7f36fe206000-7f36fe321000 rw-p 00000000 00:00 0 
7f36fe321000-7f36fe322000 ---p 00000000 00:00 0 
7f36fe322000-7f36fe422000 rw-p 00000000 00:00 0                          [stack:10132]
7f36fe422000-7f36fe425000 ---p 00000000 00:00 0 
7f36fe425000-7f36fe523000 rw-p 00000000 00:00 0                          [stack:10131]
7f36fe523000-7f36fe526000 ---p 00000000 00:00 0 
7f36fe526000-7f36fe624000 rw-p 00000000 00:00 0                          [stack:10130]
7f36fe624000-7f36fe627000 ---p 00000000 00:00 0 
7f36fe627000-7f36fe725000 rw-p 00000000 00:00 0                          [stack:10129]
7f36fe725000-7f36fe728000 ---p 00000000 00:00 0 
7f36fe728000-7f36fe826000 rw-p 00000000 00:00 0                          [stack:10126]
7f36fe826000-7f36fe829000 ---p 00000000 00:00 0 
7f36fe829000-7f36fe927000 rw-p 00000000 00:00 0                          [stack:10124]
7f36fe927000-7f36fe92a000 ---p 00000000 00:00 0 
7f36fe92a000-7f36fea28000 rw-p 00000000 00:00 0                          [stack:10122]
7f36fea28000-7f36fea2c000 r-xp 00000000 08:05 2898042                    /usr/lib/jvm/java-7-openjdk-amd64/jre/lib/amd64/libdt_socket.so
7f36fea2c000-7f36fec2b000 ---p 00004000 08:05 2898042                    /usr/lib/jvm/java-7-openjdk-amd64/jre/lib/amd64/libdt_socket.so
7f36fec2b000-7f36fec2c000 r--p 00003000 08:05 2898042                    /usr/lib/jvm/java-7-openjdk-amd64/jre/lib/amd64/libdt_socket.so
7f36fec2c000-7f36fec2d000 rw-p 00004000 08:05 2898042                    /usr/lib/jvm/java-7-openjdk-amd64/jre/lib/amd64/libdt_socket.so
7f36fec2d000-7f36fec30000 ---p 00000000 00:00 0 
7f36fec30000-7f36fed2e000 rw-p 00000000 00:00 0                          [stack:10120]
7f36fed2e000-7f36fed31000 ---p 00000000 00:00 0 
7f36fed31000-7f36fee2f000 rw-p 00000000 00:00 0                          [stack:10119]
7f36fee2f000-7f36fee32000 ---p 00000000 00:00 0 
7f36fee32000-7f36fef30000 rw-p 00000000 00:00 0                          [stack:10118]
7f36fef30000-7f36fef31000 ---p 00000000 00:00 0 
7f36fef31000-7f3700b8e000 rw-p 00000000 00:00 0                          [stack:10116]
7f3700b8e000-7f3700d40000 r--s 01d2f000 08:05 2898027                    /usr/lib/jvm/java-7-openjdk-amd64/jre/lib/rt.jar
7f3700d40000-7f3704000000 rw-p 00000000 00:00 0 
7f3704000000-7f3704021000 rw-p 00000000 00:00 0 
7f3704021000-7f3708000000 ---p 00000000 00:00 0 
7f3708000000-7f3708021000 rw-p 00000000 00:00 0 
7f3708021000-7f370c000000 ---p 00000000 00:00 0 
7f370c000000-7f370c021000 rw-p 00000000 00:00 0 
7f370c021000-7f3710000000 ---p 00000000 00:00 0 
7f3710000000-7f3710021000 rw-p 00000000 00:00 0 
7f3710021000-7f3714000000 ---p 00000000 00:00 0 
7f3714000000-7f3714021000 rw-p 00000000 00:00 0 
7f3714021000-7f3718000000 ---p 00000000 00:00 0 
7f3718000000-7f3718021000 rw-p 00000000 00:00 0 
7f3718021000-7f371c000000 ---p 00000000 00:00 0 
7f371c000000-7f371c021000 rw-p 00000000 00:00 0 
7f371c021000-7f3720000000 ---p 00000000 00:00 0 
7f3720000000-7f3720021000 rw-p 00000000 00:00 0 
7f3720021000-7f3724000000 ---p 00000000 00:00 0 
7f372401a000-7f37244cb000 rw-p 00000000 00:00 0 
7f37244cb000-7f37244cc000 ---p 00000000 00:00 0 
7f37244cc000-7f37245cc000 rw-p 00000000 00:00 0                          [stack:10115]
7f37245cc000-7f37245cd000 ---p 00000000 00:00 0 
7f37245cd000-7f37246cd000 rw-p 00000000 00:00 0                          [stack:10114]
7f37246cd000-7f37246ce000 ---p 00000000 00:00 0 
7f37246ce000-7f37247ce000 rw-p 00000000 00:00 0                          [stack:10113]
7f37247ce000-7f37247cf000 ---p 00000000 00:00 0 
7f37247cf000-7f37248cf000 rw-p 00000000 00:00 0                          [stack:10112]
7f37248cf000-7f37248d0000 ---p 00000000 00:00 0 
7f37248d0000-7f37249d0000 rw-p 00000000 00:00 0                          [stack:10111]
7f37249d0000-7f37249d1000 ---p 00000000 00:00 0 
7f37249d1000-7f3724ad1000 rw-p 00000000 00:00 0                          [stack:10110]
7f3724ad1000-7f3724ad2000 ---p 00000000 00:00 0 
7f3724ad2000-7f3724bd2000 rw-p 00000000 00:00 0                          [stack:10109]
7f3724bd2000-7f3724bd3000 ---p 00000000 00:00 0 
7f3724bd3000-7f3724cde000 rw-p 00000000 00:00 0                          [stack:10108]
7f3724cde000-7f3724d26000 rw-p 00000000 00:00 0 
7f3724d26000-7f3724d45000 rw-p 00000000 00:00 0 
7f3724d45000-7f3724f0c000 rw-p 00000000 00:00 0 
7f3724f0c000-7f3724f1c000 rw-p 00000000 00:00 0 
7f3724f1c000-7f3724fff000 rw-p 00000000 00:00 0 
7f3724fff000-7f3725000000 rw-p 00000000 00:00 0 
7f3725000000-7f3725270000 rwxp 00000000 00:00 0 
7f3725270000-7f372812d000 rw-p 00000000 00:00 0 
7f372812d000-7f372c000000 ---p 00000000 00:00 0 
7f372c006000-7f372c080000 rw-p 00000000 00:00 0 
7f372c080000-7f372c247000 rw-p 00000000 00:00 0 
7f372c247000-7f372c251000 rw-p 00000000 00:00 0 
7f372c251000-7f372c307000 rw-p 00000000 00:00 0 
7f372c307000-7f372c30f000 r-xp 00000000 08:05 2898038                    /usr/lib/jvm/java-7-openjdk-amd64/jre/lib/amd64/libzip.so
7f372c30f000-7f372c50e000 ---p 00008000 08:05 2898038                    /usr/lib/jvm/java-7-openjdk-amd64/jre/lib/amd64/libzip.so
7f372c50e000-7f372c50f000 r--p 00007000 08:05 2898038                    /usr/lib/jvm/java-7-openjdk-amd64/jre/lib/amd64/libzip.so
7f372c50f000-7f372c510000 rw-p 00008000 08:05 2898038                    /usr/lib/jvm/java-7-openjdk-amd64/jre/lib/amd64/libzip.so
7f372c510000-7f372c51c000 r-xp 00000000 08:05 4460959                    /lib/x86_64-linux-gnu/libnss_files-2.21.so
7f372c51c000-7f372c71b000 ---p 0000c000 08:05 4460959                    /lib/x86_64-linux-gnu/libnss_files-2.21.so
7f372c71b000-7f372c71c000 r--p 0000b000 08:05 4460959                    /lib/x86_64-linux-gnu/libnss_files-2.21.so
7f372c71c000-7f372c71d000 rw-p 0000c000 08:05 4460959                    /lib/x86_64-linux-gnu/libnss_files-2.21.so
7f372c71d000-7f372c728000 r-xp 00000000 08:05 4460326                    /lib/x86_64-linux-gnu/libnss_nis-2.21.so
7f372c728000-7f372c927000 ---p 0000b000 08:05 4460326                    /lib/x86_64-linux-gnu/libnss_nis-2.21.so
7f372c927000-7f372c928000 r--p 0000a000 08:05 4460326                    /lib/x86_64-linux-gnu/libnss_nis-2.21.so
7f372c928000-7f372c929000 rw-p 0000b000 08:05 4460326                    /lib/x86_64-linux-gnu/libnss_nis-2.21.so
7f372c929000-7f372c940000 r-xp 00000000 08:05 4460971                    /lib/x86_64-linux-gnu/libnsl-2.21.so
7f372c940000-7f372cb3f000 ---p 00017000 08:05 4460971                    /lib/x86_64-linux-gnu/libnsl-2.21.so
7f372cb3f000-7f372cb40000 r--p 00016000 08:05 4460971                    /lib/x86_64-linux-gnu/libnsl-2.21.so
7f372cb40000-7f372cb41000 rw-p 00017000 08:05 4460971                    /lib/x86_64-linux-gnu/libnsl-2.21.so
7f372cb41000-7f372cb43000 rw-p 00000000 00:00 0 
7f372cb43000-7f372cb4b000 r-xp 00000000 08:05 4460963                    /lib/x86_64-linux-gnu/libnss_compat-2.21.so
7f372cb4b000-7f372cd4a000 ---p 00008000 08:05 4460963                    /lib/x86_64-linux-gnu/libnss_compat-2.21.so
7f372cd4a000-7f372cd4b000 r--p 00007000 08:05 4460963                    /lib/x86_64-linux-gnu/libnss_compat-2.21.so
7f372cd4b000-7f372cd4c000 rw-p 00008000 08:05 4460963                    /lib/x86_64-linux-gnu/libnss_compat-2.21.so
7f372cd4c000-7f372d016000 r--p 00000000 08:05 2883733                    /usr/lib/locale/locale-archive
7f372d016000-7f372d018000 r-xp 00000000 08:05 2898049                    /usr/lib/jvm/java-7-openjdk-amd64/jre/lib/amd64/libnpt.so
7f372d018000-7f372d218000 ---p 00002000 08:05 2898049                    /usr/lib/jvm/java-7-openjdk-amd64/jre/lib/amd64/libnpt.so
7f372d218000-7f372d219000 r--p 00002000 08:05 2898049                    /usr/lib/jvm/java-7-openjdk-amd64/jre/lib/amd64/libnpt.so
7f372d219000-7f372d21a000 rw-p 00003000 08:05 2898049                    /usr/lib/jvm/java-7-openjdk-amd64/jre/lib/amd64/libnpt.so
7f372d21a000-7f372d255000 r-xp 00000000 08:05 2898054                    /usr/lib/jvm/java-7-openjdk-amd64/jre/lib/amd64/libjdwp.so
7f372d255000-7f372d454000 ---p 0003b000 08:05 2898054                    /usr/lib/jvm/java-7-openjdk-amd64/jre/lib/amd64/libjdwp.so
7f372d454000-7f372d455000 r--p 0003a000 08:05 2898054                    /usr/lib/jvm/java-7-openjdk-amd64/jre/lib/amd64/libjdwp.so
7f372d455000-7f372d456000 rw-p 0003b000 08:05 2898054                    /usr/lib/jvm/java-7-openjdk-amd64/jre/lib/amd64/libjdwp.so
7f372d456000-7f372d457000 rw-p 00000000 00:00 0 
7f372d457000-7f372d484000 r-xp 00000000 08:05 2898050                    /usr/lib/jvm/java-7-openjdk-amd64/jre/lib/amd64/libjava.so
7f372d484000-7f372d683000 ---p 0002d000 08:05 2898050                    /usr/lib/jvm/java-7-openjdk-amd64/jre/lib/amd64/libjava.so
7f372d683000-7f372d684000 r--p 0002c000 08:05 2898050                    /usr/lib/jvm/java-7-openjdk-amd64/jre/lib/amd64/libjava.so
7f372d684000-7f372d686000 rw-p 0002d000 08:05 2898050                    /usr/lib/jvm/java-7-openjdk-amd64/jre/lib/amd64/libjava.so
7f372d686000-7f372d695000 r-xp 00000000 08:05 2898069                    /usr/lib/jvm/java-7-openjdk-amd64/jre/lib/amd64/libverify.so
7f372d695000-7f372d894000 ---p 0000f000 08:05 2898069                    /usr/lib/jvm/java-7-openjdk-amd64/jre/lib/amd64/libverify.so
7f372d894000-7f372d897000 r--p 0000e000 08:05 2898069                    /usr/lib/jvm/java-7-openjdk-amd64/jre/lib/amd64/libverify.so
7f372d897000-7f372d898000 rw-p 00011000 08:05 2898069                    /usr/lib/jvm/java-7-openjdk-amd64/jre/lib/amd64/libverify.so
7f372d898000-7f372d89f000 r-xp 00000000 08:05 4460973                    /lib/x86_64-linux-gnu/librt-2.21.so
7f372d89f000-7f372da9e000 ---p 00007000 08:05 4460973                    /lib/x86_64-linux-gnu/librt-2.21.so
7f372da9e000-7f372da9f000 r--p 00006000 08:05 4460973                    /lib/x86_64-linux-gnu/librt-2.21.so
7f372da9f000-7f372daa0000 rw-p 00007000 08:05 4460973                    /lib/x86_64-linux-gnu/librt-2.21.so
7f372daa0000-7f372dab6000 r-xp 00000000 08:05 4460395                    /lib/x86_64-linux-gnu/libgcc_s.so.1
7f372dab6000-7f372dcb5000 ---p 00016000 08:05 4460395                    /lib/x86_64-linux-gnu/libgcc_s.so.1
7f372dcb5000-7f372dcb6000 rw-p 00015000 08:05 4460395                    /lib/x86_64-linux-gnu/libgcc_s.so.1
7f372dcb6000-7f372ddbd000 r-xp 00000000 08:05 4460969                    /lib/x86_64-linux-gnu/libm-2.21.so
7f372ddbd000-7f372dfbc000 ---p 00107000 08:05 4460969                    /lib/x86_64-linux-gnu/libm-2.21.so
7f372dfbc000-7f372dfbd000 r--p 00106000 08:05 4460969                    /lib/x86_64-linux-gnu/libm-2.21.so
7f372dfbd000-7f372dfbe000 rw-p 00107000 08:05 4460969                    /lib/x86_64-linux-gnu/libm-2.21.so
7f372dfbe000-7f372e0ae000 r-xp 00000000 08:05 2893544                    /usr/lib/x86_64-linux-gnu/libstdc++.so.6.0.20
7f372e0ae000-7f372e2ae000 ---p 000f0000 08:05 2893544                    /usr/lib/x86_64-linux-gnu/libstdc++.so.6.0.20
7f372e2ae000-7f372e2b6000 r--p 000f0000 08:05 2893544                    /usr/lib/x86_64-linux-gnu/libstdc++.so.6.0.20
7f372e2b6000-7f372e2b8000 rw-p 000f8000 08:05 2893544                    /usr/lib/x86_64-linux-gnu/libstdc++.so.6.0.20
7f372e2b8000-7f372e2cd000 rw-p 00000000 00:00 0 
7f372e2cd000-7f372ee2d000 r-xp 00000000 08:05 2898058                    /usr/lib/jvm/java-7-openjdk-amd64/jre/lib/amd64/server/libjvm.so
7f372ee2d000-7f372f02d000 ---p 00b60000 08:05 2898058                    /usr/lib/jvm/java-7-openjdk-amd64/jre/lib/amd64/server/libjvm.so
7f372f02d000-7f372f0cc000 r--p 00b60000 08:05 2898058                    /usr/lib/jvm/java-7-openjdk-amd64/jre/lib/amd64/server/libjvm.so
7f372f0cc000-7f372f0ef000 rw-p 00bff000 08:05 2898058                    /usr/lib/jvm/java-7-openjdk-amd64/jre/lib/amd64/server/libjvm.so
7f372f0ef000-7f372f11c000 rw-p 00000000 00:00 0 
7f372f11c000-7f372f135000 r-xp 00000000 08:05 4460380                    /lib/x86_64-linux-gnu/libz.so.1.2.8
7f372f135000-7f372f335000 ---p 00019000 08:05 4460380                    /lib/x86_64-linux-gnu/libz.so.1.2.8
7f372f335000-7f372f336000 r--p 00019000 08:05 4460380                    /lib/x86_64-linux-gnu/libz.so.1.2.8
7f372f336000-7f372f337000 rw-p 0001a000 08:05 4460380                    /lib/x86_64-linux-gnu/libz.so.1.2.8
7f372f337000-7f372f34f000 r-xp 00000000 08:05 4460953                    /lib/x86_64-linux-gnu/libpthread-2.21.so
7f372f34f000-7f372f54f000 ---p 00018000 08:05 4460953                    /lib/x86_64-linux-gnu/libpthread-2.21.so
7f372f54f000-7f372f550000 r--p 00018000 08:05 4460953                    /lib/x86_64-linux-gnu/libpthread-2.21.so
7f372f550000-7f372f551000 rw-p 00019000 08:05 4460953                    /lib/x86_64-linux-gnu/libpthread-2.21.so
7f372f551000-7f372f555000 rw-p 00000000 00:00 0 
7f372f555000-7f372f558000 r-xp 00000000 08:05 4460941                    /lib/x86_64-linux-gnu/libdl-2.21.so
7f372f558000-7f372f757000 ---p 00003000 08:05 4460941                    /lib/x86_64-linux-gnu/libdl-2.21.so
7f372f757000-7f372f758000 r--p 00002000 08:05 4460941                    /lib/x86_64-linux-gnu/libdl-2.21.so
7f372f758000-7f372f759000 rw-p 00003000 08:05 4460941                    /lib/x86_64-linux-gnu/libdl-2.21.so
7f372f759000-7f372f919000 r-xp 00000000 08:05 4460979                    /lib/x86_64-linux-gnu/libc-2.21.so
7f372f919000-7f372fb19000 ---p 001c0000 08:05 4460979                    /lib/x86_64-linux-gnu/libc-2.21.so
7f372fb19000-7f372fb1d000 r--p 001c0000 08:05 4460979                    /lib/x86_64-linux-gnu/libc-2.21.so
7f372fb1d000-7f372fb1f000 rw-p 001c4000 08:05 4460979                    /lib/x86_64-linux-gnu/libc-2.21.so
7f372fb1f000-7f372fb23000 rw-p 00000000 00:00 0 
7f372fb23000-7f372fb30000 r-xp 00000000 08:05 2898070                    /usr/lib/jvm/java-7-openjdk-amd64/jre/lib/amd64/jli/libjli.so
7f372fb30000-7f372fd2f000 ---p 0000d000 08:05 2898070                    /usr/lib/jvm/java-7-openjdk-amd64/jre/lib/amd64/jli/libjli.so
7f372fd2f000-7f372fd30000 r--p 0000c000 08:05 2898070                    /usr/lib/jvm/java-7-openjdk-amd64/jre/lib/amd64/jli/libjli.so
7f372fd30000-7f372fd31000 rw-p 0000d000 08:05 2898070                    /usr/lib/jvm/java-7-openjdk-amd64/jre/lib/amd64/jli/libjli.so
7f372fd31000-7f372fd55000 r-xp 00000000 08:05 4460951                    /lib/x86_64-linux-gnu/ld-2.21.so
7f372fd66000-7f372fdba000 rw-p 00000000 00:00 0 
7f372fdba000-7f372fe02000 rw-p 00000000 00:00 0 
7f372fe02000-7f372fe05000 ---p 00000000 00:00 0 
7f372fe05000-7f372ff08000 rw-p 00000000 00:00 0                          [stack:10103]
7f372ff12000-7f372ff14000 rw-p 00000000 00:00 0 
7f372ff14000-7f372ff15000 r--s 00002000 08:05 2898020                    /usr/lib/jvm/java-7-openjdk-amd64/jre/lib/ext/dnsns.jar
7f372ff15000-7f372ff19000 r--s 0003c000 08:05 2898014                    /usr/lib/jvm/java-7-openjdk-amd64/jre/lib/ext/sunpkcs11.jar
7f372ff19000-7f372ff1c000 r--s 0000f000 08:05 2897994                    /usr/lib/jvm/java-7-openjdk-amd64/jre/lib/ext/icedtea-sound.jar
7f372ff1c000-7f372ff1e000 r--s 00012000 08:05 2897988                    /usr/lib/jvm/java-7-openjdk-amd64/jre/lib/ext/zipfs.jar
7f372ff1e000-7f372ff22000 r--s 00085000 08:05 2897992                    /usr/lib/jvm/java-7-openjdk-amd64/jre/lib/ext/localedata.jar
7f372ff22000-7f372ff26000 r--s 00034000 08:05 2897996                    /usr/lib/jvm/java-7-openjdk-amd64/jre/lib/ext/sunjce_provider.jar
7f372ff26000-7f372ff28000 r--s 00006000 08:05 3278994                    /usr/share/java/java-atk-wrapper.jar
7f372ff28000-7f372ff48000 rw-p 00000000 00:00 0 
7f372ff48000-7f372ff50000 rw-s 00000000 08:05 6820872                    /tmp/hsperfdata_mohamed/10101
7f372ff50000-7f372ff51000 rw-p 00000000 00:00 0 
7f372ff51000-7f372ff52000 r--p 00000000 00:00 0 
7f372ff52000-7f372ff54000 rw-p 00000000 00:00 0 
7f372ff54000-7f372ff55000 r--p 00023000 08:05 4460951                    /lib/x86_64-linux-gnu/ld-2.21.so
7f372ff55000-7f372ff56000 rw-p 00024000 08:05 4460951                    /lib/x86_64-linux-gnu/ld-2.21.so
7f372ff56000-7f372ff57000 rw-p 00000000 00:00 0 
7fff60bb3000-7fff60bd4000 rw-p 00000000 00:00 0                          [stack]
7fff60bf4000-7fff60bf6000 r--p 00000000 00:00 0                          [vvar]
7fff60bf6000-7fff60bf8000 r-xp 00000000 00:00 0                          [vdso]
ffffffffff600000-ffffffffff601000 r-xp 00000000 00:00 0                  [vsyscall]

VM Arguments:
jvm_args: -agentlib:jdwp=transport=dt_socket,suspend=y,address=localhost:33145 -Dfile.encoding=UTF-8 
java_command: lab4.MainClass
Launcher Type: SUN_STANDARD

Environment Variables:
PATH=/usr/local/sbin:/usr/local/bin:/usr/sbin:/usr/bin:/sbin:/bin:/usr/games:/usr/local/games:/home/mohamed/android-sdk-linux/tools:/home/mohamed/android-sdk-linux/platform-tools:/home/mohamed/.rvm/bin
SHELL=/bin/bash
DISPLAY=:0

Signal Handlers:
SIGSEGV: [libjvm.so+0x992590], sa_mask[0]=0x7ffbfeff, sa_flags=0x10000004
SIGBUS: [libjvm.so+0x992590], sa_mask[0]=0x7ffbfeff, sa_flags=0x10000004
SIGFPE: [libjvm.so+0x7fec60], sa_mask[0]=0x7ffbfeff, sa_flags=0x10000004
SIGPIPE: [libjvm.so+0x7fec60], sa_mask[0]=0x7ffbfeff, sa_flags=0x10000004
SIGXFSZ: [libjvm.so+0x7fec60], sa_mask[0]=0x7ffbfeff, sa_flags=0x10000004
SIGILL: [libjvm.so+0x7fec60], sa_mask[0]=0x7ffbfeff, sa_flags=0x10000004
SIGUSR1: SIG_DFL, sa_mask[0]=0x00000000, sa_flags=0x00000000
SIGUSR2: [libjvm.so+0x7feae0], sa_mask[0]=0x00000004, sa_flags=0x10000004
SIGHUP: [libjvm.so+0x7fece0], sa_mask[0]=0x7ffbfeff, sa_flags=0x10000004
SIGINT: [libjvm.so+0x7fece0], sa_mask[0]=0x7ffbfeff, sa_flags=0x10000004
SIGTERM: [libjvm.so+0x7fece0], sa_mask[0]=0x7ffbfeff, sa_flags=0x10000004
SIGQUIT: [libjvm.so+0x7fece0], sa_mask[0]=0x7ffbfeff, sa_flags=0x10000004
SIGTRAP: SIG_DFL, sa_mask[0]=0x00000000, sa_flags=0x00000000


---------------  S Y S T E M  ---------------

OS:Ubuntu 15.04 (vivid)
uname:Linux 3.19.0-49-generic #55-Ubuntu SMP Fri Jan 22 02:10:24 UTC 2016 x86_64
libc:glibc 2.21 NPTL 2.21 
rlimit: STACK 8192k, CORE 0k, NPROC 23232, NOFILE 65536, AS infinity
load average:0.66 0.29 0.18

/proc/meminfo:
MemTotal:        5969892 kB
MemFree:         2020896 kB
MemAvailable:    2900596 kB
Buffers:          165288 kB
Cached:          1426668 kB
SwapCached:            0 kB
Active:          2564628 kB
Inactive:        1090860 kB
Active(anon):    2067564 kB
Inactive(anon):   571000 kB
Active(file):     497064 kB
Inactive(file):   519860 kB
Unevictable:         144 kB
Mlocked:             144 kB
SwapTotal:       6148092 kB
SwapFree:        6148092 kB
Dirty:               280 kB
Writeback:            28 kB
AnonPages:       2063696 kB
Mapped:           660592 kB
Shmem:            575036 kB
Slab:             118188 kB
SReclaimable:      63436 kB
SUnreclaim:        54752 kB
KernelStack:       14352 kB
PageTables:        81672 kB
NFS_Unstable:          0 kB
Bounce:                0 kB
WritebackTmp:          0 kB
CommitLimit:     9133036 kB
Committed_AS:    9934748 kB
VmallocTotal:   34359738367 kB
VmallocUsed:      566220 kB
VmallocChunk:   34359075604 kB
HardwareCorrupted:     0 kB
AnonHugePages:    952320 kB
CmaTotal:              0 kB
CmaFree:               0 kB
HugePages_Total:       0
HugePages_Free:        0
HugePages_Rsvd:        0
HugePages_Surp:        0
Hugepagesize:       2048 kB
DirectMap4k:      231672 kB
DirectMap2M:     5918720 kB


CPU:total 8 (4 cores per cpu, 2 threads per core) family 6 model 58 stepping 9, cmov, cx8, fxsr, mmx, sse, sse2, sse3, ssse3, sse4.1, sse4.2, popcnt, avx, aes, erms, ht, tsc, tscinvbit, tscinv

/proc/cpuinfo:
processor	: 0
vendor_id	: GenuineIntel
cpu family	: 6
model		: 58
model name	: Intel(R) Core(TM) i7-3632QM CPU @ 2.20GHz
stepping	: 9
microcode	: 0x12
cpu MHz		: 2916.203
cache size	: 6144 KB
physical id	: 0
siblings	: 8
core id		: 0
cpu cores	: 4
apicid		: 0
initial apicid	: 0
fpu		: yes
fpu_exception	: yes
cpuid level	: 13
wp		: yes
flags		: fpu vme de pse tsc msr pae mce cx8 apic sep mtrr pge mca cmov pat pse36 clflush dts acpi mmx fxsr sse sse2 ss ht tm pbe syscall nx rdtscp lm constant_tsc arch_perfmon pebs bts rep_good nopl xtopology nonstop_tsc aperfmperf eagerfpu pni pclmulqdq dtes64 monitor ds_cpl vmx est tm2 ssse3 cx16 xtpr pdcm pcid sse4_1 sse4_2 x2apic popcnt tsc_deadline_timer aes xsave avx f16c rdrand lahf_lm ida arat epb pln pts dtherm tpr_shadow vnmi flexpriority ept vpid fsgsbase smep erms xsaveopt
bugs		:
bogomips	: 4390.14
clflush size	: 64
cache_alignment	: 64
address sizes	: 36 bits physical, 48 bits virtual
power management:

processor	: 1
vendor_id	: GenuineIntel
cpu family	: 6
model		: 58
model name	: Intel(R) Core(TM) i7-3632QM CPU @ 2.20GHz
stepping	: 9
microcode	: 0x12
cpu MHz		: 2918.179
cache size	: 6144 KB
physical id	: 0
siblings	: 8
core id		: 0
cpu cores	: 4
apicid		: 1
initial apicid	: 1
fpu		: yes
fpu_exception	: yes
cpuid level	: 13
wp		: yes
flags		: fpu vme de pse tsc msr pae mce cx8 apic sep mtrr pge mca cmov pat pse36 clflush dts acpi mmx fxsr sse sse2 ss ht tm pbe syscall nx rdtscp lm constant_tsc arch_perfmon pebs bts rep_good nopl xtopology nonstop_tsc aperfmperf eagerfpu pni pclmulqdq dtes64 monitor ds_cpl vmx est tm2 ssse3 cx16 xtpr pdcm pcid sse4_1 sse4_2 x2apic popcnt tsc_deadline_timer aes xsave avx f16c rdrand lahf_lm ida arat epb pln pts dtherm tpr_shadow vnmi flexpriority ept vpid fsgsbase smep erms xsaveopt
bugs		:
bogomips	: 4390.14
clflush size	: 64
cache_alignment	: 64
address sizes	: 36 bits physical, 48 bits virtual
power management:

processor	: 2
vendor_id	: GenuineIntel
cpu family	: 6
model		: 58
model name	: Intel(R) Core(TM) i7-3632QM CPU @ 2.20GHz
stepping	: 9
microcode	: 0x12
cpu MHz		: 3044.421
cache size	: 6144 KB
physical id	: 0
siblings	: 8
core id		: 1
cpu cores	: 4
apicid		: 2
initial apicid	: 2
fpu		: yes
fpu_exception	: yes
cpuid level	: 13
wp		: yes
flags		: fpu vme de pse tsc msr pae mce cx8 apic sep mtrr pge mca cmov pat pse36 clflush dts acpi mmx fxsr sse sse2 ss ht tm pbe syscall nx rdtscp lm constant_tsc arch_perfmon pebs bts rep_good nopl xtopology nonstop_tsc aperfmperf eagerfpu pni pclmulqdq dtes64 monitor ds_cpl vmx est tm2 ssse3 cx16 xtpr pdcm pcid sse4_1 sse4_2 x2apic popcnt tsc_deadline_timer aes xsave avx f16c rdrand lahf_lm ida arat epb pln pts dtherm tpr_shadow vnmi flexpriority ept vpid fsgsbase smep erms xsaveopt
bugs		:
bogomips	: 4390.14
clflush size	: 64
cache_alignment	: 64
address sizes	: 36 bits physical, 48 bits virtual
power management:

processor	: 3
vendor_id	: GenuineIntel
cpu family	: 6
model		: 58
model name	: Intel(R) Core(TM) i7-3632QM CPU @ 2.20GHz
stepping	: 9
microcode	: 0x12
cpu MHz		: 2926.343
cache size	: 6144 KB
physical id	: 0
siblings	: 8
core id		: 1
cpu cores	: 4
apicid		: 3
initial apicid	: 3
fpu		: yes
fpu_exception	: yes
cpuid level	: 13
wp		: yes
flags		: fpu vme de pse tsc msr pae mce cx8 apic sep mtrr pge mca cmov pat pse36 clflush dts acpi mmx fxsr sse sse2 ss ht tm pbe syscall nx rdtscp lm constant_tsc arch_perfmon pebs bts rep_good nopl xtopology nonstop_tsc aperfmperf eagerfpu pni pclmulqdq dtes64 monitor ds_cpl vmx est tm2 ssse3 cx16 xtpr pdcm pcid sse4_1 sse4_2 x2apic popcnt tsc_deadline_timer aes xsave avx f16c rdrand lahf_lm ida arat epb pln pts dtherm tpr_shadow vnmi flexpriority ept vpid fsgsbase smep erms xsaveopt
bugs		:
bogomips	: 4390.14
clflush size	: 64
cache_alignment	: 64
address sizes	: 36 bits physical, 48 bits virtual
power management:

processor	: 4
vendor_id	: GenuineIntel
cpu family	: 6
model		: 58
model name	: Intel(R) Core(TM) i7-3632QM CPU @ 2.20GHz
stepping	: 9
microcode	: 0x12
cpu MHz		: 2899.960
cache size	: 6144 KB
physical id	: 0
siblings	: 8
core id		: 2
cpu cores	: 4
apicid		: 4
initial apicid	: 4
fpu		: yes
fpu_exception	: yes
cpuid level	: 13
wp		: yes
flags		: fpu vme de pse tsc msr pae mce cx8 apic sep mtrr pge mca cmov pat pse36 clflush dts acpi mmx fxsr sse sse2 ss ht tm pbe syscall nx rdtscp lm constant_tsc arch_perfmon pebs bts rep_good nopl xtopology nonstop_tsc aperfmperf eagerfpu pni pclmulqdq dtes64 monitor ds_cpl vmx est tm2 ssse3 cx16 xtpr pdcm pcid sse4_1 sse4_2 x2apic popcnt tsc_deadline_timer aes xsave avx f16c rdrand lahf_lm ida arat epb pln pts dtherm tpr_shadow vnmi flexpriority ept vpid fsgsbase smep erms xsaveopt
bugs		:
bogomips	: 4390.14
clflush size	: 64
cache_alignment	: 64
address sizes	: 36 bits physical, 48 bits virtual
power management:

processor	: 5
vendor_id	: GenuineIntel
cpu family	: 6
model		: 58
model name	: Intel(R) Core(TM) i7-3632QM CPU @ 2.20GHz
stepping	: 9
microcode	: 0x12
cpu MHz		: 3044.593
cache size	: 6144 KB
physical id	: 0
siblings	: 8
core id		: 2
cpu cores	: 4
apicid		: 5
initial apicid	: 5
fpu		: yes
fpu_exception	: yes
cpuid level	: 13
wp		: yes
flags		: fpu vme de pse tsc msr pae mce cx8 apic sep mtrr pge mca cmov pat pse36 clflush dts acpi mmx fxsr sse sse2 ss ht tm pbe syscall nx rdtscp lm constant_tsc arch_perfmon pebs bts rep_good nopl xtopology nonstop_tsc aperfmperf eagerfpu pni pclmulqdq dtes64 monitor ds_cpl vmx est tm2 ssse3 cx16 xtpr pdcm pcid sse4_1 sse4_2 x2apic popcnt tsc_deadline_timer aes xsave avx f16c rdrand lahf_lm ida arat epb pln pts dtherm tpr_shadow vnmi flexpriority ept vpid fsgsbase smep erms xsaveopt
bugs		:
bogomips	: 4390.14
clflush size	: 64
cache_alignment	: 64
address sizes	: 36 bits physical, 48 bits virtual
power management:

processor	: 6
vendor_id	: GenuineIntel
cpu family	: 6
model		: 58
model name	: Intel(R) Core(TM) i7-3632QM CPU @ 2.20GHz
stepping	: 9
microcode	: 0x12
cpu MHz		: 2910.875
cache size	: 6144 KB
physical id	: 0
siblings	: 8
core id		: 3
cpu cores	: 4
apicid		: 6
initial apicid	: 6
fpu		: yes
fpu_exception	: yes
cpuid level	: 13
wp		: yes
flags		: fpu vme de pse tsc msr pae mce cx8 apic sep mtrr pge mca cmov pat pse36 clflush dts acpi mmx fxsr sse sse2 ss ht tm pbe syscall nx rdtscp lm constant_tsc arch_perfmon pebs bts rep_good nopl xtopology nonstop_tsc aperfmperf eagerfpu pni pclmulqdq dtes64 monitor ds_cpl vmx est tm2 ssse3 cx16 xtpr pdcm pcid sse4_1 sse4_2 x2apic popcnt tsc_deadline_timer aes xsave avx f16c rdrand lahf_lm ida arat epb pln pts dtherm tpr_shadow vnmi flexpriority ept vpid fsgsbase smep erms xsaveopt
bugs		:
bogomips	: 4390.14
clflush size	: 64
cache_alignment	: 64
address sizes	: 36 bits physical, 48 bits virtual
power management:

processor	: 7
vendor_id	: GenuineIntel
cpu family	: 6
model		: 58
model name	: Intel(R) Core(TM) i7-3632QM CPU @ 2.20GHz
stepping	: 9
microcode	: 0x12
cpu MHz		: 2894.203
cache size	: 6144 KB
physical id	: 0
siblings	: 8
core id		: 3
cpu cores	: 4
apicid		: 7
initial apicid	: 7
fpu		: yes
fpu_exception	: yes
cpuid level	: 13
wp		: yes
flags		: fpu vme de pse tsc msr pae mce cx8 apic sep mtrr pge mca cmov pat pse36 clflush dts acpi mmx fxsr sse sse2 ss ht tm pbe syscall nx rdtscp lm constant_tsc arch_perfmon pebs bts rep_good nopl xtopology nonstop_tsc aperfmperf eagerfpu pni pclmulqdq dtes64 monitor ds_cpl vmx est tm2 ssse3 cx16 xtpr pdcm pcid sse4_1 sse4_2 x2apic popcnt tsc_deadline_timer aes xsave avx f16c rdrand lahf_lm ida arat epb pln pts dtherm tpr_shadow vnmi flexpriority ept vpid fsgsbase smep erms xsaveopt
bugs		:
bogomips	: 4390.14
clflush size	: 64
cache_alignment	: 64
address sizes	: 36 bits physical, 48 bits virtual
power management:



Memory: 4k page, physical 5969892k(2020896k free), swap 6148092k(6148092k free)

vm_info: OpenJDK 64-Bit Server VM (24.95-b01) for linux-amd64 JRE (1.7.0_95-b00), built on Jan 21 2016 03:41:02 by "buildd" with gcc 4.9.2

time: Sun Feb 21 10:56:22 2016
elapsed time: 17 seconds

