#
# A fatal error has been detected by the Java Runtime Environment:
#
#  SIGSEGV (0xb) at pc=0x00007f12c07a2b76, pid=4811, tid=139718043059968
#
# JRE version: OpenJDK Runtime Environment (7.0_95) (build 1.7.0_95-b00)
# Java VM: OpenJDK 64-Bit Server VM (24.95-b01 mixed mode linux-amd64 compressed oops)
# Derivative: IcedTea 2.6.4
# Distribution: Ubuntu 15.04, package 7u95-2.6.4-0ubuntu0.15.04.1
# Problematic frame:
# V  [libjvm.so+0x985b76]
#
# Failed to write core dump. Core dumps have been disabled. To enable core dumping, try "ulimit -c unlimited" before starting Java again
#
# If you would like to submit a bug report, please include
# instructions on how to reproduce the bug and visit:
#   http://icedtea.classpath.org/bugzilla
#

---------------  T H R E A D  ---------------

Current thread (0x00007f12b80be800):  JavaThread "JDWP Transport Listener: dt_socket" daemon [_thread_in_vm, id=4832, stack(0x00007f12a4434000,0x00007f12a4535000)]

siginfo:si_signo=SIGSEGV: si_errno=0, si_code=2 (SEGV_ACCERR), si_addr=0x00007f12c1954ff0

Registers:
RAX=0x00000000e1a60198, RBX=0x00007f12b804d4d0, RCX=0x000000000000fca1, RDX=0x000000000000fca0
RSP=0x00007f12a45331a0, RBP=0x00007f12a4533250, RSI=0x0000000000000000, RDI=0x0000000000000020
R8 =0x00007f1274238110, R9 =0x0000000000000000, R10=0x0000000000000022, R11=0x0000000000000206
R12=0x00007f12b804dad0, R13=0x00007f12c1954fe8, R14=0x00007f12a45331e0, R15=0x0000000000000000
RIP=0x00007f12c07a2b76, EFLAGS=0x0000000000010246, CSGSFS=0x0000000000000033, ERR=0x0000000000000004
  TRAPNO=0x000000000000000e

Top of Stack: (sp=0x00007f12a45331a0)
0x00007f12a45331a0:   0000000000000000 00007f1274176dd0
0x00007f12a45331b0:   00007f12c1a519d0 00007f12b50060d8
0x00007f12a45331c0:   00007f12b5005310 00007f1200000000
0x00007f12a45331d0:   00007f12c1a51a48 00007f12c1a51a08
0x00007f12a45331e0:   00007f12c1a519d0 00007f12b50060d8
0x00007f12a45331f0:   00007f12b5005310 00007f1200000000
0x00007f12a4533200:   00007f12c1a51a48 00007f12c1a51a08
0x00007f12a4533210:   00007f12b80b68d0 b27dab94a552e800
0x00007f12a4533220:   0000000000000000 00007f12b80b68d0
0x00007f12a4533230:   0000000000000000 00007f12b800c800
0x00007f12a4533240:   00007f1274005250 00007f12b800c800
0x00007f12a4533250:   00007f12a4533330 00007f12c04d6828
0x00007f12a4533260:   00007f12a45332d0 00007f12c0757179
0x00007f12a4533270:   00007f12c1a51a08 b27dab94a552e800
0x00007f12a4533280:   00000000000083b0 00000001a552e800
0x00007f12a4533290:   00007f12b80be800 00007f12b8054ea8
0x00007f12a45332a0:   00007f12b804dad0 00007f12b804cec0
0x00007f12a45332b0:   00007f12b8003980 00007f12b80b68d0
0x00007f12a45332c0:   00007f12a4533330 00007f12c0757179
0x00007f12a45332d0:   00007f12c1a51980 b27dab94a552e800
0x00007f12a45332e0:   00007f12b5005310 0000000000000001
0x00007f12a45332f0:   00007f12c0c1ff38 b27dab94a552e800
0x00007f12a4533300:   00007f1274005250 0000000000000001
0x00007f12a4533310:   00007f12c0c1ff38 00007f12b800c800
0x00007f12a4533320:   00007f1274005250 00007f12b804d4d0
0x00007f12a4533330:   00007f12a45339c0 00007f12c04d6c95
0x00007f12a4533340:   00007f12a45333e0 00000000000003d8
0x00007f12a4533350:   00007f12b80b68d0 00007f12b80bf3f8
0x00007f12a4533360:   00007f12b80bf020 00007f1274005250
0x00007f12a4533370:   00007f12a4533390 00007f12b80bf010
0x00007f12a4533380:   00007f12b80be800 00007f12b8003980
0x00007f12a4533390:   00007f12b80be800 00007f12b80bf400 

Instructions: (pc=0x00007f12c07a2b76)
0x00007f12c07a2b56:   89 45 b0 48 8b 43 30 48 89 45 b8 e8 da 0c ba ff
0x00007f12c07a2b66:   49 39 c5 0f 82 11 01 00 00 31 f6 bf 20 00 00 00
0x00007f12c07a2b76:   4d 8b 7d 08 e8 d1 7b f0 ff 48 85 c0 49 89 c0 74
0x00007f12c07a2b86:   17 4c 89 38 48 c7 40 10 00 00 00 00 4c 89 68 08 

Register to memory mapping:

RAX=0x00000000e1a60198 is an oop
java.lang.IndexOutOfBoundsException 
 - klass: 'java/lang/IndexOutOfBoundsException'
RBX=0x00007f12b804d4d0 is an unknown value
RCX=0x000000000000fca1 is an unknown value
RDX=0x000000000000fca0 is an unknown value
RSP=0x00007f12a45331a0 is pointing into the stack for thread: 0x00007f12b80be800
RBP=0x00007f12a4533250 is pointing into the stack for thread: 0x00007f12b80be800
RSI=0x0000000000000000 is an unknown value
RDI=0x0000000000000020 is an unknown value
R8 =0x00007f1274238110 is an unknown value
R9 =0x0000000000000000 is an unknown value
R10=0x0000000000000022 is an unknown value
R11=0x0000000000000206 is an unknown value
R12=0x00007f12b804dad0 is an unknown value
R13=0x00007f12c1954fe8 is pointing into the stack for thread: 0x00007f12b800c800
R14=0x00007f12a45331e0 is pointing into the stack for thread: 0x00007f12b80be800
R15=0x0000000000000000 is an unknown value


Stack: [0x00007f12a4434000,0x00007f12a4535000],  sp=0x00007f12a45331a0,  free space=1020k
Native frames: (J=compiled Java code, j=interpreted, Vv=VM code, C=native code)
V  [libjvm.so+0x985b76]
V  [libjvm.so+0x6b9828]
V  [libjvm.so+0x6b9c95]
V  [libjvm.so+0x6aecde]
V  [libjvm.so+0x6684d7]
C  [libjdwp.so+0xa3f6]
C  [libjdwp.so+0x11b18]
C  [libjdwp.so+0x23f65]
V  [libjvm.so+0x6d01e1]
V  [libjvm.so+0x93c698]
V  [libjvm.so+0x93c921]
V  [libjvm.so+0x800642]


---------------  P R O C E S S  ---------------

Java Threads: ( => current thread )
  0x00007f12b80ca000 JavaThread "Service Thread" daemon [_thread_blocked, id=4841, stack(0x00007f129feff000,0x00007f12a0000000)]
  0x00007f12b80c7800 JavaThread "C2 CompilerThread1" daemon [_thread_blocked, id=4840, stack(0x00007f12a4030000,0x00007f12a4131000)]
  0x00007f12b80c4800 JavaThread "C2 CompilerThread0" daemon [_thread_blocked, id=4839, stack(0x00007f12a4131000,0x00007f12a4232000)]
  0x00007f1274001000 JavaThread "JDWP Command Reader" daemon [_thread_in_native, id=4836, stack(0x00007f12a4232000,0x00007f12a4333000)]
  0x00007f12b80c2000 JavaThread "JDWP Event Helper Thread" daemon [_thread_blocked, id=4834, stack(0x00007f12a4333000,0x00007f12a4434000)]
=>0x00007f12b80be800 JavaThread "JDWP Transport Listener: dt_socket" daemon [_thread_in_vm, id=4832, stack(0x00007f12a4434000,0x00007f12a4535000)]
  0x00007f12b80b1800 JavaThread "Signal Dispatcher" daemon [_thread_blocked, id=4830, stack(0x00007f12a473a000,0x00007f12a483b000)]
  0x00007f12b8087800 JavaThread "Finalizer" daemon [_thread_blocked, id=4829, stack(0x00007f12a483b000,0x00007f12a493c000)]
  0x00007f12b8085800 JavaThread "Reference Handler" daemon [_thread_blocked, id=4828, stack(0x00007f12a493c000,0x00007f12a4a3d000)]
  0x00007f12b800c800 JavaThread "main" [_thread_blocked, id=4816, stack(0x00007f12c1952000,0x00007f12c1a53000)]

Other Threads:
  0x00007f12b8081000 VMThread [stack: 0x00007f12a4a3d000,0x00007f12a4b3e000] [id=4826]
  0x00007f12b80d5000 WatcherThread [stack: 0x00007f129fdfe000,0x00007f129feff000] [id=4842]

VM state:not at safepoint (normal execution)

VM Mutex/Monitor currently owned by a thread: None

Heap
 PSYoungGen      total 27648K, used 1444K [0x00000000e1a00000, 0x00000000e3880000, 0x0000000100000000)
  eden space 24064K, 6% used [0x00000000e1a00000,0x00000000e1b69058,0x00000000e3180000)
  from space 3584K, 0% used [0x00000000e3500000,0x00000000e3500000,0x00000000e3880000)
  to   space 3584K, 0% used [0x00000000e3180000,0x00000000e3180000,0x00000000e3500000)
 ParOldGen       total 61952K, used 0K [0x00000000a4e00000, 0x00000000a8a80000, 0x00000000e1a00000)
  object space 61952K, 0% used [0x00000000a4e00000,0x00000000a4e00000,0x00000000a8a80000)
 PSPermGen       total 21504K, used 3007K [0x000000009a800000, 0x000000009bd00000, 0x00000000a4e00000)
  object space 21504K, 13% used [0x000000009a800000,0x000000009aaefdc0,0x000000009bd00000)

Card table byte_map: [0x00007f12bda6a000,0x00007f12bdd97000] byte_map_base: 0x00007f12bd596000

Polling page: 0x00007f12c1aa1000

Code Cache  [0x00007f12b5000000, 0x00007f12b5270000, 0x00007f12b8000000)
 total_blobs=160 nmethods=0 adapters=137 free_code_cache=48776Kb largest_free_block=49946240

Compilation events (0 events):
No events

GC Heap History (0 events):
No events

Deoptimization events (0 events):
No events

Internal exceptions (8 events):
Event: 0.024 Thread 0x00007f12b800c800 Threw 0x00000000e1a0f140 at /build/openjdk-7-3x2aMC/openjdk-7-7u95-2.6.4/build/openjdk/hotspot/src/share/vm/prims/jni.cpp:4027
Event: 0.130 Thread 0x00007f12b800c800 Threw 0x00000000e1a4af48 at /build/openjdk-7-3x2aMC/openjdk-7-7u95-2.6.4/build/openjdk/hotspot/src/share/vm/prims/jni.cpp:721
Event: 0.130 Thread 0x00007f12b800c800 Threw 0x00000000e1a4b0c8 at /build/openjdk-7-3x2aMC/openjdk-7-7u95-2.6.4/build/openjdk/hotspot/src/share/vm/prims/jvm.cpp:1322
Event: 0.130 Thread 0x00007f12b800c800 Threw 0x00000000e1a4b1f0 at /build/openjdk-7-3x2aMC/openjdk-7-7u95-2.6.4/build/openjdk/hotspot/src/share/vm/prims/jvm.cpp:1322
Event: 0.130 Thread 0x00007f12b800c800 Threw 0x00000000e1a4b440 at /build/openjdk-7-3x2aMC/openjdk-7-7u95-2.6.4/build/openjdk/hotspot/src/share/vm/prims/jvm.cpp:1322
Event: 0.139 Thread 0x00007f12b800c800 Threw 0x00000000e1a599f8 at /build/openjdk-7-3x2aMC/openjdk-7-7u95-2.6.4/build/openjdk/hotspot/src/share/vm/prims/jvm.cpp:1322
Event: 0.140 Thread 0x00007f12b800c800 Threw 0x00000000e1a5b620 at /build/openjdk-7-3x2aMC/openjdk-7-7u95-2.6.4/build/openjdk/hotspot/src/share/vm/prims/jvm.cpp:1322
Event: 0.140 Thread 0x00007f12b800c800 Threw 0x00000000e1a5d070 at /build/openjdk-7-3x2aMC/openjdk-7-7u95-2.6.4/build/openjdk/hotspot/src/share/vm/prims/jvm.cpp:1322

Events (10 events):
Event: 75.724 Executing VM operation: ChangeBreakpoints
Event: 75.724 Executing VM operation: ChangeBreakpoints done
Event: 75.726 Executing VM operation: EnterInterpOnlyMode
Event: 75.726 Executing VM operation: EnterInterpOnlyMode done
Event: 75.726 Executing VM operation: GetCurrentLocation
Event: 75.726 Executing VM operation: GetCurrentLocation done
Event: 75.726 Executing VM operation: ChangeSingleStep
Event: 75.726 Executing VM operation: ChangeSingleStep done
Event: 75.727 Executing VM operation: ChangeSingleStep
Event: 75.727 Executing VM operation: ChangeSingleStep done


Dynamic libraries:
00400000-00401000 r-xp 00000000 08:05 2897951                            /usr/lib/jvm/java-7-openjdk-amd64/jre/bin/java
00600000-00601000 r--p 00000000 08:05 2897951                            /usr/lib/jvm/java-7-openjdk-amd64/jre/bin/java
00601000-00602000 rw-p 00001000 08:05 2897951                            /usr/lib/jvm/java-7-openjdk-amd64/jre/bin/java
010f7000-01118000 rw-p 00000000 00:00 0                                  [heap]
9a800000-9bd00000 rw-p 00000000 00:00 0 
9bd00000-a4e00000 rw-p 00000000 00:00 0 
a4e00000-a8a80000 rw-p 00000000 00:00 0 
a8a80000-e1a00000 rw-p 00000000 00:00 0 
e1a00000-e3880000 rw-p 00000000 00:00 0 
e3880000-100000000 rw-p 00000000 00:00 0 
7f1258000000-7f1258021000 rw-p 00000000 00:00 0 
7f1258021000-7f125c000000 ---p 00000000 00:00 0 
7f125c000000-7f125c021000 rw-p 00000000 00:00 0 
7f125c021000-7f1260000000 ---p 00000000 00:00 0 
7f1260000000-7f1260021000 rw-p 00000000 00:00 0 
7f1260021000-7f1264000000 ---p 00000000 00:00 0 
7f1264000000-7f1264021000 rw-p 00000000 00:00 0 
7f1264021000-7f1268000000 ---p 00000000 00:00 0 
7f1268000000-7f1268021000 rw-p 00000000 00:00 0 
7f1268021000-7f126c000000 ---p 00000000 00:00 0 
7f126c000000-7f126c021000 rw-p 00000000 00:00 0 
7f126c021000-7f1270000000 ---p 00000000 00:00 0 
7f1270000000-7f1270021000 rw-p 00000000 00:00 0 
7f1270021000-7f1274000000 ---p 00000000 00:00 0 
7f1274000000-7f1274244000 rw-p 00000000 00:00 0 
7f1274244000-7f1278000000 ---p 00000000 00:00 0 
7f1278000000-7f1278021000 rw-p 00000000 00:00 0 
7f1278021000-7f127c000000 ---p 00000000 00:00 0 
7f127c000000-7f127c021000 rw-p 00000000 00:00 0 
7f127c021000-7f1280000000 ---p 00000000 00:00 0 
7f1280000000-7f1280021000 rw-p 00000000 00:00 0 
7f1280021000-7f1284000000 ---p 00000000 00:00 0 
7f1284000000-7f1284021000 rw-p 00000000 00:00 0 
7f1284021000-7f1288000000 ---p 00000000 00:00 0 
7f1288000000-7f1288021000 rw-p 00000000 00:00 0 
7f1288021000-7f128c000000 ---p 00000000 00:00 0 
7f1290000000-7f1290021000 rw-p 00000000 00:00 0 
7f1290021000-7f1294000000 ---p 00000000 00:00 0 
7f1298000000-7f1298021000 rw-p 00000000 00:00 0 
7f1298021000-7f129c000000 ---p 00000000 00:00 0 
7f129fd0c000-7f129fdfe000 rw-p 00000000 00:00 0 
7f129fdfe000-7f129fdff000 ---p 00000000 00:00 0 
7f129fdff000-7f129feff000 rw-p 00000000 00:00 0                          [stack:4842]
7f129feff000-7f129ff02000 ---p 00000000 00:00 0 
7f129ff02000-7f12a0000000 rw-p 00000000 00:00 0                          [stack:4841]
7f12a0000000-7f12a0021000 rw-p 00000000 00:00 0 
7f12a0021000-7f12a4000000 ---p 00000000 00:00 0 
7f12a4030000-7f12a4033000 ---p 00000000 00:00 0 
7f12a4033000-7f12a4131000 rw-p 00000000 00:00 0                          [stack:4840]
7f12a4131000-7f12a4134000 ---p 00000000 00:00 0 
7f12a4134000-7f12a4232000 rw-p 00000000 00:00 0                          [stack:4839]
7f12a4232000-7f12a4235000 ---p 00000000 00:00 0 
7f12a4235000-7f12a4333000 rw-p 00000000 00:00 0                          [stack:4836]
7f12a4333000-7f12a4336000 ---p 00000000 00:00 0 
7f12a4336000-7f12a4434000 rw-p 00000000 00:00 0                          [stack:4834]
7f12a4434000-7f12a4437000 ---p 00000000 00:00 0 
7f12a4437000-7f12a4535000 rw-p 00000000 00:00 0                          [stack:4832]
7f12a4535000-7f12a4539000 r-xp 00000000 08:05 2898042                    /usr/lib/jvm/java-7-openjdk-amd64/jre/lib/amd64/libdt_socket.so
7f12a4539000-7f12a4738000 ---p 00004000 08:05 2898042                    /usr/lib/jvm/java-7-openjdk-amd64/jre/lib/amd64/libdt_socket.so
7f12a4738000-7f12a4739000 r--p 00003000 08:05 2898042                    /usr/lib/jvm/java-7-openjdk-amd64/jre/lib/amd64/libdt_socket.so
7f12a4739000-7f12a473a000 rw-p 00004000 08:05 2898042                    /usr/lib/jvm/java-7-openjdk-amd64/jre/lib/amd64/libdt_socket.so
7f12a473a000-7f12a473d000 ---p 00000000 00:00 0 
7f12a473d000-7f12a483b000 rw-p 00000000 00:00 0                          [stack:4830]
7f12a483b000-7f12a483e000 ---p 00000000 00:00 0 
7f12a483e000-7f12a493c000 rw-p 00000000 00:00 0                          [stack:4829]
7f12a493c000-7f12a493f000 ---p 00000000 00:00 0 
7f12a493f000-7f12a4a3d000 rw-p 00000000 00:00 0                          [stack:4828]
7f12a4a3d000-7f12a4a3e000 ---p 00000000 00:00 0 
7f12a4a3e000-7f12a8000000 rw-p 00000000 00:00 0                          [stack:4826]
7f12a8000000-7f12a8021000 rw-p 00000000 00:00 0 
7f12a8021000-7f12ac000000 ---p 00000000 00:00 0 
7f12ac000000-7f12ac021000 rw-p 00000000 00:00 0 
7f12ac021000-7f12b0000000 ---p 00000000 00:00 0 
7f12b0000000-7f12b0021000 rw-p 00000000 00:00 0 
7f12b0021000-7f12b4000000 ---p 00000000 00:00 0 
7f12b4023000-7f12b5000000 rw-p 00000000 00:00 0 
7f12b5000000-7f12b5270000 rwxp 00000000 00:00 0 
7f12b5270000-7f12b8137000 rw-p 00000000 00:00 0 
7f12b8137000-7f12bc000000 ---p 00000000 00:00 0 
7f12bc017000-7f12bcacd000 rw-p 00000000 00:00 0 
7f12bcacd000-7f12bcc7f000 r--s 01d2f000 08:05 2898027                    /usr/lib/jvm/java-7-openjdk-amd64/jre/lib/rt.jar
7f12bcc7f000-7f12bd07c000 rw-p 00000000 00:00 0 
7f12bd07c000-7f12bd07d000 ---p 00000000 00:00 0 
7f12bd07d000-7f12bd17d000 rw-p 00000000 00:00 0                          [stack:4825]
7f12bd17d000-7f12bd17e000 ---p 00000000 00:00 0 
7f12bd17e000-7f12bd27e000 rw-p 00000000 00:00 0                          [stack:4824]
7f12bd27e000-7f12bd27f000 ---p 00000000 00:00 0 
7f12bd27f000-7f12bd37f000 rw-p 00000000 00:00 0                          [stack:4823]
7f12bd37f000-7f12bd380000 ---p 00000000 00:00 0 
7f12bd380000-7f12bd480000 rw-p 00000000 00:00 0                          [stack:4822]
7f12bd480000-7f12bd481000 ---p 00000000 00:00 0 
7f12bd481000-7f12bd581000 rw-p 00000000 00:00 0                          [stack:4821]
7f12bd581000-7f12bd582000 ---p 00000000 00:00 0 
7f12bd582000-7f12bd682000 rw-p 00000000 00:00 0                          [stack:4820]
7f12bd682000-7f12bd683000 ---p 00000000 00:00 0 
7f12bd683000-7f12bd783000 rw-p 00000000 00:00 0                          [stack:4819]
7f12bd783000-7f12bd784000 ---p 00000000 00:00 0 
7f12bd784000-7f12bd8a3000 rw-p 00000000 00:00 0                          [stack:4818]
7f12bd8a3000-7f12bda6a000 rw-p 00000000 00:00 0 
7f12bda6a000-7f12bda75000 rw-p 00000000 00:00 0 
7f12bda75000-7f12bdabd000 rw-p 00000000 00:00 0 
7f12bdabd000-7f12bdadc000 rw-p 00000000 00:00 0 
7f12bdadc000-7f12bdca3000 rw-p 00000000 00:00 0 
7f12bdca3000-7f12bdcb3000 rw-p 00000000 00:00 0 
7f12bdcb3000-7f12bdd96000 rw-p 00000000 00:00 0 
7f12bdd96000-7f12bdda1000 rw-p 00000000 00:00 0 
7f12bdda1000-7f12bde57000 rw-p 00000000 00:00 0 
7f12bde57000-7f12bde5f000 r-xp 00000000 08:05 2898038                    /usr/lib/jvm/java-7-openjdk-amd64/jre/lib/amd64/libzip.so
7f12bde5f000-7f12be05e000 ---p 00008000 08:05 2898038                    /usr/lib/jvm/java-7-openjdk-amd64/jre/lib/amd64/libzip.so
7f12be05e000-7f12be05f000 r--p 00007000 08:05 2898038                    /usr/lib/jvm/java-7-openjdk-amd64/jre/lib/amd64/libzip.so
7f12be05f000-7f12be060000 rw-p 00008000 08:05 2898038                    /usr/lib/jvm/java-7-openjdk-amd64/jre/lib/amd64/libzip.so
7f12be060000-7f12be06c000 r-xp 00000000 08:05 4460959                    /lib/x86_64-linux-gnu/libnss_files-2.21.so
7f12be06c000-7f12be26b000 ---p 0000c000 08:05 4460959                    /lib/x86_64-linux-gnu/libnss_files-2.21.so
7f12be26b000-7f12be26c000 r--p 0000b000 08:05 4460959                    /lib/x86_64-linux-gnu/libnss_files-2.21.so
7f12be26c000-7f12be26d000 rw-p 0000c000 08:05 4460959                    /lib/x86_64-linux-gnu/libnss_files-2.21.so
7f12be26d000-7f12be278000 r-xp 00000000 08:05 4460326                    /lib/x86_64-linux-gnu/libnss_nis-2.21.so
7f12be278000-7f12be477000 ---p 0000b000 08:05 4460326                    /lib/x86_64-linux-gnu/libnss_nis-2.21.so
7f12be477000-7f12be478000 r--p 0000a000 08:05 4460326                    /lib/x86_64-linux-gnu/libnss_nis-2.21.so
7f12be478000-7f12be479000 rw-p 0000b000 08:05 4460326                    /lib/x86_64-linux-gnu/libnss_nis-2.21.so
7f12be479000-7f12be490000 r-xp 00000000 08:05 4460971                    /lib/x86_64-linux-gnu/libnsl-2.21.so
7f12be490000-7f12be68f000 ---p 00017000 08:05 4460971                    /lib/x86_64-linux-gnu/libnsl-2.21.so
7f12be68f000-7f12be690000 r--p 00016000 08:05 4460971                    /lib/x86_64-linux-gnu/libnsl-2.21.so
7f12be690000-7f12be691000 rw-p 00017000 08:05 4460971                    /lib/x86_64-linux-gnu/libnsl-2.21.so
7f12be691000-7f12be693000 rw-p 00000000 00:00 0 
7f12be693000-7f12be69b000 r-xp 00000000 08:05 4460963                    /lib/x86_64-linux-gnu/libnss_compat-2.21.so
7f12be69b000-7f12be89a000 ---p 00008000 08:05 4460963                    /lib/x86_64-linux-gnu/libnss_compat-2.21.so
7f12be89a000-7f12be89b000 r--p 00007000 08:05 4460963                    /lib/x86_64-linux-gnu/libnss_compat-2.21.so
7f12be89b000-7f12be89c000 rw-p 00008000 08:05 4460963                    /lib/x86_64-linux-gnu/libnss_compat-2.21.so
7f12be89c000-7f12beb66000 r--p 00000000 08:05 2883733                    /usr/lib/locale/locale-archive
7f12beb66000-7f12beb68000 r-xp 00000000 08:05 2898049                    /usr/lib/jvm/java-7-openjdk-amd64/jre/lib/amd64/libnpt.so
7f12beb68000-7f12bed68000 ---p 00002000 08:05 2898049                    /usr/lib/jvm/java-7-openjdk-amd64/jre/lib/amd64/libnpt.so
7f12bed68000-7f12bed69000 r--p 00002000 08:05 2898049                    /usr/lib/jvm/java-7-openjdk-amd64/jre/lib/amd64/libnpt.so
7f12bed69000-7f12bed6a000 rw-p 00003000 08:05 2898049                    /usr/lib/jvm/java-7-openjdk-amd64/jre/lib/amd64/libnpt.so
7f12bed6a000-7f12beda5000 r-xp 00000000 08:05 2898054                    /usr/lib/jvm/java-7-openjdk-amd64/jre/lib/amd64/libjdwp.so
7f12beda5000-7f12befa4000 ---p 0003b000 08:05 2898054                    /usr/lib/jvm/java-7-openjdk-amd64/jre/lib/amd64/libjdwp.so
7f12befa4000-7f12befa5000 r--p 0003a000 08:05 2898054                    /usr/lib/jvm/java-7-openjdk-amd64/jre/lib/amd64/libjdwp.so
7f12befa5000-7f12befa6000 rw-p 0003b000 08:05 2898054                    /usr/lib/jvm/java-7-openjdk-amd64/jre/lib/amd64/libjdwp.so
7f12befa6000-7f12befa7000 rw-p 00000000 00:00 0 
7f12befa7000-7f12befd4000 r-xp 00000000 08:05 2898050                    /usr/lib/jvm/java-7-openjdk-amd64/jre/lib/amd64/libjava.so
7f12befd4000-7f12bf1d3000 ---p 0002d000 08:05 2898050                    /usr/lib/jvm/java-7-openjdk-amd64/jre/lib/amd64/libjava.so
7f12bf1d3000-7f12bf1d4000 r--p 0002c000 08:05 2898050                    /usr/lib/jvm/java-7-openjdk-amd64/jre/lib/amd64/libjava.so
7f12bf1d4000-7f12bf1d6000 rw-p 0002d000 08:05 2898050                    /usr/lib/jvm/java-7-openjdk-amd64/jre/lib/amd64/libjava.so
7f12bf1d6000-7f12bf1e5000 r-xp 00000000 08:05 2898069                    /usr/lib/jvm/java-7-openjdk-amd64/jre/lib/amd64/libverify.so
7f12bf1e5000-7f12bf3e4000 ---p 0000f000 08:05 2898069                    /usr/lib/jvm/java-7-openjdk-amd64/jre/lib/amd64/libverify.so
7f12bf3e4000-7f12bf3e7000 r--p 0000e000 08:05 2898069                    /usr/lib/jvm/java-7-openjdk-amd64/jre/lib/amd64/libverify.so
7f12bf3e7000-7f12bf3e8000 rw-p 00011000 08:05 2898069                    /usr/lib/jvm/java-7-openjdk-amd64/jre/lib/amd64/libverify.so
7f12bf3e8000-7f12bf3ef000 r-xp 00000000 08:05 4460973                    /lib/x86_64-linux-gnu/librt-2.21.so
7f12bf3ef000-7f12bf5ee000 ---p 00007000 08:05 4460973                    /lib/x86_64-linux-gnu/librt-2.21.so
7f12bf5ee000-7f12bf5ef000 r--p 00006000 08:05 4460973                    /lib/x86_64-linux-gnu/librt-2.21.so
7f12bf5ef000-7f12bf5f0000 rw-p 00007000 08:05 4460973                    /lib/x86_64-linux-gnu/librt-2.21.so
7f12bf5f0000-7f12bf606000 r-xp 00000000 08:05 4460395                    /lib/x86_64-linux-gnu/libgcc_s.so.1
7f12bf606000-7f12bf805000 ---p 00016000 08:05 4460395                    /lib/x86_64-linux-gnu/libgcc_s.so.1
7f12bf805000-7f12bf806000 rw-p 00015000 08:05 4460395                    /lib/x86_64-linux-gnu/libgcc_s.so.1
7f12bf806000-7f12bf90d000 r-xp 00000000 08:05 4460969                    /lib/x86_64-linux-gnu/libm-2.21.so
7f12bf90d000-7f12bfb0c000 ---p 00107000 08:05 4460969                    /lib/x86_64-linux-gnu/libm-2.21.so
7f12bfb0c000-7f12bfb0d000 r--p 00106000 08:05 4460969                    /lib/x86_64-linux-gnu/libm-2.21.so
7f12bfb0d000-7f12bfb0e000 rw-p 00107000 08:05 4460969                    /lib/x86_64-linux-gnu/libm-2.21.so
7f12bfb0e000-7f12bfbfe000 r-xp 00000000 08:05 2893544                    /usr/lib/x86_64-linux-gnu/libstdc++.so.6.0.20
7f12bfbfe000-7f12bfdfe000 ---p 000f0000 08:05 2893544                    /usr/lib/x86_64-linux-gnu/libstdc++.so.6.0.20
7f12bfdfe000-7f12bfe06000 r--p 000f0000 08:05 2893544                    /usr/lib/x86_64-linux-gnu/libstdc++.so.6.0.20
7f12bfe06000-7f12bfe08000 rw-p 000f8000 08:05 2893544                    /usr/lib/x86_64-linux-gnu/libstdc++.so.6.0.20
7f12bfe08000-7f12bfe1d000 rw-p 00000000 00:00 0 
7f12bfe1d000-7f12c097d000 r-xp 00000000 08:05 2898058                    /usr/lib/jvm/java-7-openjdk-amd64/jre/lib/amd64/server/libjvm.so
7f12c097d000-7f12c0b7d000 ---p 00b60000 08:05 2898058                    /usr/lib/jvm/java-7-openjdk-amd64/jre/lib/amd64/server/libjvm.so
7f12c0b7d000-7f12c0c1c000 r--p 00b60000 08:05 2898058                    /usr/lib/jvm/java-7-openjdk-amd64/jre/lib/amd64/server/libjvm.so
7f12c0c1c000-7f12c0c3f000 rw-p 00bff000 08:05 2898058                    /usr/lib/jvm/java-7-openjdk-amd64/jre/lib/amd64/server/libjvm.so
7f12c0c3f000-7f12c0c6c000 rw-p 00000000 00:00 0 
7f12c0c6c000-7f12c0c85000 r-xp 00000000 08:05 4460380                    /lib/x86_64-linux-gnu/libz.so.1.2.8
7f12c0c85000-7f12c0e85000 ---p 00019000 08:05 4460380                    /lib/x86_64-linux-gnu/libz.so.1.2.8
7f12c0e85000-7f12c0e86000 r--p 00019000 08:05 4460380                    /lib/x86_64-linux-gnu/libz.so.1.2.8
7f12c0e86000-7f12c0e87000 rw-p 0001a000 08:05 4460380                    /lib/x86_64-linux-gnu/libz.so.1.2.8
7f12c0e87000-7f12c0e9f000 r-xp 00000000 08:05 4460953                    /lib/x86_64-linux-gnu/libpthread-2.21.so
7f12c0e9f000-7f12c109f000 ---p 00018000 08:05 4460953                    /lib/x86_64-linux-gnu/libpthread-2.21.so
7f12c109f000-7f12c10a0000 r--p 00018000 08:05 4460953                    /lib/x86_64-linux-gnu/libpthread-2.21.so
7f12c10a0000-7f12c10a1000 rw-p 00019000 08:05 4460953                    /lib/x86_64-linux-gnu/libpthread-2.21.so
7f12c10a1000-7f12c10a5000 rw-p 00000000 00:00 0 
7f12c10a5000-7f12c10a8000 r-xp 00000000 08:05 4460941                    /lib/x86_64-linux-gnu/libdl-2.21.so
7f12c10a8000-7f12c12a7000 ---p 00003000 08:05 4460941                    /lib/x86_64-linux-gnu/libdl-2.21.so
7f12c12a7000-7f12c12a8000 r--p 00002000 08:05 4460941                    /lib/x86_64-linux-gnu/libdl-2.21.so
7f12c12a8000-7f12c12a9000 rw-p 00003000 08:05 4460941                    /lib/x86_64-linux-gnu/libdl-2.21.so
7f12c12a9000-7f12c1469000 r-xp 00000000 08:05 4460979                    /lib/x86_64-linux-gnu/libc-2.21.so
7f12c1469000-7f12c1669000 ---p 001c0000 08:05 4460979                    /lib/x86_64-linux-gnu/libc-2.21.so
7f12c1669000-7f12c166d000 r--p 001c0000 08:05 4460979                    /lib/x86_64-linux-gnu/libc-2.21.so
7f12c166d000-7f12c166f000 rw-p 001c4000 08:05 4460979                    /lib/x86_64-linux-gnu/libc-2.21.so
7f12c166f000-7f12c1673000 rw-p 00000000 00:00 0 
7f12c1673000-7f12c1680000 r-xp 00000000 08:05 2898070                    /usr/lib/jvm/java-7-openjdk-amd64/jre/lib/amd64/jli/libjli.so
7f12c1680000-7f12c187f000 ---p 0000d000 08:05 2898070                    /usr/lib/jvm/java-7-openjdk-amd64/jre/lib/amd64/jli/libjli.so
7f12c187f000-7f12c1880000 r--p 0000c000 08:05 2898070                    /usr/lib/jvm/java-7-openjdk-amd64/jre/lib/amd64/jli/libjli.so
7f12c1880000-7f12c1881000 rw-p 0000d000 08:05 2898070                    /usr/lib/jvm/java-7-openjdk-amd64/jre/lib/amd64/jli/libjli.so
7f12c1881000-7f12c18a5000 r-xp 00000000 08:05 4460951                    /lib/x86_64-linux-gnu/ld-2.21.so
7f12c18b6000-7f12c190a000 rw-p 00000000 00:00 0 
7f12c190a000-7f12c1952000 rw-p 00000000 00:00 0 
7f12c1952000-7f12c1955000 ---p 00000000 00:00 0 
7f12c1955000-7f12c1a58000 rw-p 00000000 00:00 0                          [stack:4816]
7f12c1a62000-7f12c1a64000 rw-p 00000000 00:00 0 
7f12c1a64000-7f12c1a65000 r--s 00002000 08:05 2898020                    /usr/lib/jvm/java-7-openjdk-amd64/jre/lib/ext/dnsns.jar
7f12c1a65000-7f12c1a69000 r--s 0003c000 08:05 2898014                    /usr/lib/jvm/java-7-openjdk-amd64/jre/lib/ext/sunpkcs11.jar
7f12c1a69000-7f12c1a6c000 r--s 0000f000 08:05 2897994                    /usr/lib/jvm/java-7-openjdk-amd64/jre/lib/ext/icedtea-sound.jar
7f12c1a6c000-7f12c1a6e000 r--s 00012000 08:05 2897988                    /usr/lib/jvm/java-7-openjdk-amd64/jre/lib/ext/zipfs.jar
7f12c1a6e000-7f12c1a72000 r--s 00085000 08:05 2897992                    /usr/lib/jvm/java-7-openjdk-amd64/jre/lib/ext/localedata.jar
7f12c1a72000-7f12c1a76000 r--s 00034000 08:05 2897996                    /usr/lib/jvm/java-7-openjdk-amd64/jre/lib/ext/sunjce_provider.jar
7f12c1a76000-7f12c1a78000 r--s 00006000 08:05 3278994                    /usr/share/java/java-atk-wrapper.jar
7f12c1a78000-7f12c1a98000 rw-p 00000000 00:00 0 
7f12c1a98000-7f12c1aa0000 rw-s 00000000 08:05 6820872                    /tmp/hsperfdata_mohamed/4811
7f12c1aa0000-7f12c1aa1000 rw-p 00000000 00:00 0 
7f12c1aa1000-7f12c1aa2000 r--p 00000000 00:00 0 
7f12c1aa2000-7f12c1aa4000 rw-p 00000000 00:00 0 
7f12c1aa4000-7f12c1aa5000 r--p 00023000 08:05 4460951                    /lib/x86_64-linux-gnu/ld-2.21.so
7f12c1aa5000-7f12c1aa6000 rw-p 00024000 08:05 4460951                    /lib/x86_64-linux-gnu/ld-2.21.so
7f12c1aa6000-7f12c1aa7000 rw-p 00000000 00:00 0 
7ffc1d513000-7ffc1d534000 rw-p 00000000 00:00 0                          [stack]
7ffc1d5c2000-7ffc1d5c4000 r--p 00000000 00:00 0                          [vvar]
7ffc1d5c4000-7ffc1d5c6000 r-xp 00000000 00:00 0                          [vdso]
ffffffffff600000-ffffffffff601000 r-xp 00000000 00:00 0                  [vsyscall]

VM Arguments:
jvm_args: -agentlib:jdwp=transport=dt_socket,suspend=y,address=localhost:58195 -Dfile.encoding=UTF-8 
java_command: lab4.MainClass
Launcher Type: SUN_STANDARD

Environment Variables:
PATH=/usr/local/sbin:/usr/local/bin:/usr/sbin:/usr/bin:/sbin:/bin:/usr/games:/usr/local/games:/home/mohamed/android-sdk-linux/tools:/home/mohamed/android-sdk-linux/platform-tools:/home/mohamed/.rvm/bin
SHELL=/bin/bash
DISPLAY=:0

Signal Handlers:
SIGSEGV: [libjvm.so+0x992590], sa_mask[0]=0x7ffbfeff, sa_flags=0x10000004
SIGBUS: [libjvm.so+0x992590], sa_mask[0]=0x7ffbfeff, sa_flags=0x10000004
SIGFPE: [libjvm.so+0x7fec60], sa_mask[0]=0x7ffbfeff, sa_flags=0x10000004
SIGPIPE: [libjvm.so+0x7fec60], sa_mask[0]=0x7ffbfeff, sa_flags=0x10000004
SIGXFSZ: [libjvm.so+0x7fec60], sa_mask[0]=0x7ffbfeff, sa_flags=0x10000004
SIGILL: [libjvm.so+0x7fec60], sa_mask[0]=0x7ffbfeff, sa_flags=0x10000004
SIGUSR1: SIG_DFL, sa_mask[0]=0x00000000, sa_flags=0x00000000
SIGUSR2: [libjvm.so+0x7feae0], sa_mask[0]=0x00000004, sa_flags=0x10000004
SIGHUP: [libjvm.so+0x7fece0], sa_mask[0]=0x7ffbfeff, sa_flags=0x10000004
SIGINT: [libjvm.so+0x7fece0], sa_mask[0]=0x7ffbfeff, sa_flags=0x10000004
SIGTERM: [libjvm.so+0x7fece0], sa_mask[0]=0x7ffbfeff, sa_flags=0x10000004
SIGQUIT: [libjvm.so+0x7fece0], sa_mask[0]=0x7ffbfeff, sa_flags=0x10000004
SIGTRAP: SIG_DFL, sa_mask[0]=0x00000000, sa_flags=0x00000000


---------------  S Y S T E M  ---------------

OS:Ubuntu 15.04 (vivid)
uname:Linux 3.19.0-49-generic #55-Ubuntu SMP Fri Jan 22 02:10:24 UTC 2016 x86_64
libc:glibc 2.21 NPTL 2.21 
rlimit: STACK 8192k, CORE 0k, NPROC 23232, NOFILE 65536, AS infinity
load average:0.22 0.64 0.69

/proc/meminfo:
MemTotal:        5969892 kB
MemFree:         1910576 kB
MemAvailable:    3402356 kB
Buffers:          450464 kB
Cached:          1507868 kB
SwapCached:            0 kB
Active:          2405548 kB
Inactive:        1203284 kB
Active(anon):    1652424 kB
Inactive(anon):   441624 kB
Active(file):     753124 kB
Inactive(file):   761660 kB
Unevictable:         224 kB
Mlocked:             224 kB
SwapTotal:       6148092 kB
SwapFree:        6148092 kB
Dirty:                52 kB
Writeback:             0 kB
AnonPages:       1650780 kB
Mapped:           582676 kB
Shmem:            443548 kB
Slab:             281268 kB
SReclaimable:     230412 kB
SUnreclaim:        50856 kB
KernelStack:       14144 kB
PageTables:        78724 kB
NFS_Unstable:          0 kB
Bounce:                0 kB
WritebackTmp:          0 kB
CommitLimit:     9133036 kB
Committed_AS:    9068876 kB
VmallocTotal:   34359738367 kB
VmallocUsed:      566220 kB
VmallocChunk:   34359082108 kB
HardwareCorrupted:     0 kB
AnonHugePages:    518144 kB
CmaTotal:              0 kB
CmaFree:               0 kB
HugePages_Total:       0
HugePages_Free:        0
HugePages_Rsvd:        0
HugePages_Surp:        0
Hugepagesize:       2048 kB
DirectMap4k:      211192 kB
DirectMap2M:     5939200 kB


CPU:total 8 (4 cores per cpu, 2 threads per core) family 6 model 58 stepping 9, cmov, cx8, fxsr, mmx, sse, sse2, sse3, ssse3, sse4.1, sse4.2, popcnt, avx, aes, erms, ht, tsc, tscinvbit, tscinv

/proc/cpuinfo:
processor	: 0
vendor_id	: GenuineIntel
cpu family	: 6
model		: 58
model name	: Intel(R) Core(TM) i7-3632QM CPU @ 2.20GHz
stepping	: 9
microcode	: 0x12
cpu MHz		: 2900.734
cache size	: 6144 KB
physical id	: 0
siblings	: 8
core id		: 0
cpu cores	: 4
apicid		: 0
initial apicid	: 0
fpu		: yes
fpu_exception	: yes
cpuid level	: 13
wp		: yes
flags		: fpu vme de pse tsc msr pae mce cx8 apic sep mtrr pge mca cmov pat pse36 clflush dts acpi mmx fxsr sse sse2 ss ht tm pbe syscall nx rdtscp lm constant_tsc arch_perfmon pebs bts rep_good nopl xtopology nonstop_tsc aperfmperf eagerfpu pni pclmulqdq dtes64 monitor ds_cpl vmx est tm2 ssse3 cx16 xtpr pdcm pcid sse4_1 sse4_2 x2apic popcnt tsc_deadline_timer aes xsave avx f16c rdrand lahf_lm ida arat epb pln pts dtherm tpr_shadow vnmi flexpriority ept vpid fsgsbase smep erms xsaveopt
bugs		:
bogomips	: 4390.43
clflush size	: 64
cache_alignment	: 64
address sizes	: 36 bits physical, 48 bits virtual
power management:

processor	: 1
vendor_id	: GenuineIntel
cpu family	: 6
model		: 58
model name	: Intel(R) Core(TM) i7-3632QM CPU @ 2.20GHz
stepping	: 9
microcode	: 0x12
cpu MHz		: 2927.632
cache size	: 6144 KB
physical id	: 0
siblings	: 8
core id		: 0
cpu cores	: 4
apicid		: 1
initial apicid	: 1
fpu		: yes
fpu_exception	: yes
cpuid level	: 13
wp		: yes
flags		: fpu vme de pse tsc msr pae mce cx8 apic sep mtrr pge mca cmov pat pse36 clflush dts acpi mmx fxsr sse sse2 ss ht tm pbe syscall nx rdtscp lm constant_tsc arch_perfmon pebs bts rep_good nopl xtopology nonstop_tsc aperfmperf eagerfpu pni pclmulqdq dtes64 monitor ds_cpl vmx est tm2 ssse3 cx16 xtpr pdcm pcid sse4_1 sse4_2 x2apic popcnt tsc_deadline_timer aes xsave avx f16c rdrand lahf_lm ida arat epb pln pts dtherm tpr_shadow vnmi flexpriority ept vpid fsgsbase smep erms xsaveopt
bugs		:
bogomips	: 4390.43
clflush size	: 64
cache_alignment	: 64
address sizes	: 36 bits physical, 48 bits virtual
power management:

processor	: 2
vendor_id	: GenuineIntel
cpu family	: 6
model		: 58
model name	: Intel(R) Core(TM) i7-3632QM CPU @ 2.20GHz
stepping	: 9
microcode	: 0x12
cpu MHz		: 2899.960
cache size	: 6144 KB
physical id	: 0
siblings	: 8
core id		: 1
cpu cores	: 4
apicid		: 2
initial apicid	: 2
fpu		: yes
fpu_exception	: yes
cpuid level	: 13
wp		: yes
flags		: fpu vme de pse tsc msr pae mce cx8 apic sep mtrr pge mca cmov pat pse36 clflush dts acpi mmx fxsr sse sse2 ss ht tm pbe syscall nx rdtscp lm constant_tsc arch_perfmon pebs bts rep_good nopl xtopology nonstop_tsc aperfmperf eagerfpu pni pclmulqdq dtes64 monitor ds_cpl vmx est tm2 ssse3 cx16 xtpr pdcm pcid sse4_1 sse4_2 x2apic popcnt tsc_deadline_timer aes xsave avx f16c rdrand lahf_lm ida arat epb pln pts dtherm tpr_shadow vnmi flexpriority ept vpid fsgsbase smep erms xsaveopt
bugs		:
bogomips	: 4390.43
clflush size	: 64
cache_alignment	: 64
address sizes	: 36 bits physical, 48 bits virtual
power management:

processor	: 3
vendor_id	: GenuineIntel
cpu family	: 6
model		: 58
model name	: Intel(R) Core(TM) i7-3632QM CPU @ 2.20GHz
stepping	: 9
microcode	: 0x12
cpu MHz		: 1461.195
cache size	: 6144 KB
physical id	: 0
siblings	: 8
core id		: 1
cpu cores	: 4
apicid		: 3
initial apicid	: 3
fpu		: yes
fpu_exception	: yes
cpuid level	: 13
wp		: yes
flags		: fpu vme de pse tsc msr pae mce cx8 apic sep mtrr pge mca cmov pat pse36 clflush dts acpi mmx fxsr sse sse2 ss ht tm pbe syscall nx rdtscp lm constant_tsc arch_perfmon pebs bts rep_good nopl xtopology nonstop_tsc aperfmperf eagerfpu pni pclmulqdq dtes64 monitor ds_cpl vmx est tm2 ssse3 cx16 xtpr pdcm pcid sse4_1 sse4_2 x2apic popcnt tsc_deadline_timer aes xsave avx f16c rdrand lahf_lm ida arat epb pln pts dtherm tpr_shadow vnmi flexpriority ept vpid fsgsbase smep erms xsaveopt
bugs		:
bogomips	: 4390.43
clflush size	: 64
cache_alignment	: 64
address sizes	: 36 bits physical, 48 bits virtual
power management:

processor	: 4
vendor_id	: GenuineIntel
cpu family	: 6
model		: 58
model name	: Intel(R) Core(TM) i7-3632QM CPU @ 2.20GHz
stepping	: 9
microcode	: 0x12
cpu MHz		: 2928.320
cache size	: 6144 KB
physical id	: 0
siblings	: 8
core id		: 2
cpu cores	: 4
apicid		: 4
initial apicid	: 4
fpu		: yes
fpu_exception	: yes
cpuid level	: 13
wp		: yes
flags		: fpu vme de pse tsc msr pae mce cx8 apic sep mtrr pge mca cmov pat pse36 clflush dts acpi mmx fxsr sse sse2 ss ht tm pbe syscall nx rdtscp lm constant_tsc arch_perfmon pebs bts rep_good nopl xtopology nonstop_tsc aperfmperf eagerfpu pni pclmulqdq dtes64 monitor ds_cpl vmx est tm2 ssse3 cx16 xtpr pdcm pcid sse4_1 sse4_2 x2apic popcnt tsc_deadline_timer aes xsave avx f16c rdrand lahf_lm ida arat epb pln pts dtherm tpr_shadow vnmi flexpriority ept vpid fsgsbase smep erms xsaveopt
bugs		:
bogomips	: 4390.43
clflush size	: 64
cache_alignment	: 64
address sizes	: 36 bits physical, 48 bits virtual
power management:

processor	: 5
vendor_id	: GenuineIntel
cpu family	: 6
model		: 58
model name	: Intel(R) Core(TM) i7-3632QM CPU @ 2.20GHz
stepping	: 9
microcode	: 0x12
cpu MHz		: 2282.757
cache size	: 6144 KB
physical id	: 0
siblings	: 8
core id		: 2
cpu cores	: 4
apicid		: 5
initial apicid	: 5
fpu		: yes
fpu_exception	: yes
cpuid level	: 13
wp		: yes
flags		: fpu vme de pse tsc msr pae mce cx8 apic sep mtrr pge mca cmov pat pse36 clflush dts acpi mmx fxsr sse sse2 ss ht tm pbe syscall nx rdtscp lm constant_tsc arch_perfmon pebs bts rep_good nopl xtopology nonstop_tsc aperfmperf eagerfpu pni pclmulqdq dtes64 monitor ds_cpl vmx est tm2 ssse3 cx16 xtpr pdcm pcid sse4_1 sse4_2 x2apic popcnt tsc_deadline_timer aes xsave avx f16c rdrand lahf_lm ida arat epb pln pts dtherm tpr_shadow vnmi flexpriority ept vpid fsgsbase smep erms xsaveopt
bugs		:
bogomips	: 4390.43
clflush size	: 64
cache_alignment	: 64
address sizes	: 36 bits physical, 48 bits virtual
power management:

processor	: 6
vendor_id	: GenuineIntel
cpu family	: 6
model		: 58
model name	: Intel(R) Core(TM) i7-3632QM CPU @ 2.20GHz
stepping	: 9
microcode	: 0x12
cpu MHz		: 2900.906
cache size	: 6144 KB
physical id	: 0
siblings	: 8
core id		: 3
cpu cores	: 4
apicid		: 6
initial apicid	: 6
fpu		: yes
fpu_exception	: yes
cpuid level	: 13
wp		: yes
flags		: fpu vme de pse tsc msr pae mce cx8 apic sep mtrr pge mca cmov pat pse36 clflush dts acpi mmx fxsr sse sse2 ss ht tm pbe syscall nx rdtscp lm constant_tsc arch_perfmon pebs bts rep_good nopl xtopology nonstop_tsc aperfmperf eagerfpu pni pclmulqdq dtes64 monitor ds_cpl vmx est tm2 ssse3 cx16 xtpr pdcm pcid sse4_1 sse4_2 x2apic popcnt tsc_deadline_timer aes xsave avx f16c rdrand lahf_lm ida arat epb pln pts dtherm tpr_shadow vnmi flexpriority ept vpid fsgsbase smep erms xsaveopt
bugs		:
bogomips	: 4390.43
clflush size	: 64
cache_alignment	: 64
address sizes	: 36 bits physical, 48 bits virtual
power management:

processor	: 7
vendor_id	: GenuineIntel
cpu family	: 6
model		: 58
model name	: Intel(R) Core(TM) i7-3632QM CPU @ 2.20GHz
stepping	: 9
microcode	: 0x12
cpu MHz		: 2426.875
cache size	: 6144 KB
physical id	: 0
siblings	: 8
core id		: 3
cpu cores	: 4
apicid		: 7
initial apicid	: 7
fpu		: yes
fpu_exception	: yes
cpuid level	: 13
wp		: yes
flags		: fpu vme de pse tsc msr pae mce cx8 apic sep mtrr pge mca cmov pat pse36 clflush dts acpi mmx fxsr sse sse2 ss ht tm pbe syscall nx rdtscp lm constant_tsc arch_perfmon pebs bts rep_good nopl xtopology nonstop_tsc aperfmperf eagerfpu pni pclmulqdq dtes64 monitor ds_cpl vmx est tm2 ssse3 cx16 xtpr pdcm pcid sse4_1 sse4_2 x2apic popcnt tsc_deadline_timer aes xsave avx f16c rdrand lahf_lm ida arat epb pln pts dtherm tpr_shadow vnmi flexpriority ept vpid fsgsbase smep erms xsaveopt
bugs		:
bogomips	: 4390.43
clflush size	: 64
cache_alignment	: 64
address sizes	: 36 bits physical, 48 bits virtual
power management:



Memory: 4k page, physical 5969892k(1910576k free), swap 6148092k(6148092k free)

vm_info: OpenJDK 64-Bit Server VM (24.95-b01) for linux-amd64 JRE (1.7.0_95-b00), built on Jan 21 2016 03:41:02 by "buildd" with gcc 4.9.2

time: Sun Feb 21 11:16:14 2016
elapsed time: 75 seconds

