#
# A fatal error has been detected by the Java Runtime Environment:
#
#  SIGSEGV (0xb) at pc=0x00007f0b19ec3e86, pid=9339, tid=139684915320576
#
# JRE version: OpenJDK Runtime Environment (7.0_95) (build 1.7.0_95-b00)
# Java VM: OpenJDK 64-Bit Server VM (24.95-b01 mixed mode linux-amd64 compressed oops)
# Derivative: IcedTea 2.6.4
# Distribution: Ubuntu 15.10, package 7u95-2.6.4-0ubuntu0.15.10.1
# Problematic frame:
# V  [libjvm.so+0x987e86]
#
# Failed to write core dump. Core dumps have been disabled. To enable core dumping, try "ulimit -c unlimited" before starting Java again
#
# If you would like to submit a bug report, please include
# instructions on how to reproduce the bug and visit:
#   http://icedtea.classpath.org/bugzilla
#

---------------  T H R E A D  ---------------

Current thread (0x00007f0b140be800):  JavaThread "JDWP Transport Listener: dt_socket" daemon [_thread_in_vm, id=9360, stack(0x00007f0aedb21000,0x00007f0aedc22000)]

siginfo:si_signo=SIGSEGV: si_errno=0, si_code=2 (SEGV_ACCERR), si_addr=0x00007f0b1b052ff0

Registers:
RAX=0x00000000e1a5db60, RBX=0x00007f0b1400f270, RCX=0x00007f0b1a79e340, RDX=0x000000000000fca1
RSP=0x00007f0aedc201a0, RBP=0x00007f0aedc20250, RSI=0x0000000000000000, RDI=0x0000000000000020
R8 =0x00007f0ad0231620, R9 =0x00007f0ad0000000, R10=0x0000000000000022, R11=0x0000000000000206
R12=0x00007f0b1400f870, R13=0x00007f0b1b052fe8, R14=0x00007f0aedc201e0, R15=0x00007f0aed400020
RIP=0x00007f0b19ec3e86, EFLAGS=0x0000000000010246, CSGSFS=0x0000000000000033, ERR=0x0000000000000004
  TRAPNO=0x000000000000000e

Top of Stack: (sp=0x00007f0aedc201a0)
0x00007f0aedc201a0:   0000000000000000 00007f0ad01702c0
0x00007f0aedc201b0:   00007f0b1b14f9e0 00007f0b105000d8
0x00007f0aedc201c0:   00007f0b104ff310 0000000000000000
0x00007f0aedc201d0:   00007f0b1b14fa58 00007f0b1b14fa18
0x00007f0aedc201e0:   00007f0b1b14f9e0 00007f0b105000d8
0x00007f0aedc201f0:   00007f0b104ff310 0000000000000000
0x00007f0aedc20200:   00007f0b1b14fa58 00007f0b1b14fa18
0x00007f0aedc20210:   00007f0b140b6820 3f5876ab2dad0900
0x00007f0aedc20220:   0000000000000000 00007f0b140b6820
0x00007f0aedc20230:   00007f0ad00083a0 0000000000000000
0x00007f0aedc20240:   00007f0ad00083a0 00007f0b1400c800
0x00007f0aedc20250:   00007f0aedc20330 00007f0b19bef6c8
0x00007f0aedc20260:   00007f0aedc202d0 00007f0b19e78e8e
0x00007f0aedc20270:   00007f0b1b14fa18 3f5876ab2dad0900
0x00007f0aedc20280:   00000000000083b0 00007f0b14016c48
0x00007f0aedc20290:   00007f0b1400f870 000000011400c800
0x00007f0aedc202a0:   00007f0b140be800 00007f0b1400ec60
0x00007f0aedc202b0:   00007f0b14003980 00007f0b140b6820
0x00007f0aedc202c0:   00007f0aedc20330 00007f0b19e78e8e
0x00007f0aedc202d0:   00007f0b1b14f990 3f5876ab2dad0900
0x00007f0aedc202e0:   00007f0b104ff310 0000000000000001
0x00007f0aedc202f0:   00007f0b1a320e18 3f5876ab2dad0900
0x00007f0aedc20300:   00007f0ad00083a0 0000000000000001
0x00007f0aedc20310:   00007f0b1a320e18 00007f0b1400c800
0x00007f0aedc20320:   00007f0ad00083a0 00007f0b1400f270
0x00007f0aedc20330:   00007f0aedc209c0 00007f0b19befb35
0x00007f0aedc20340:   00007f0aedc203e0 00000000000003d8
0x00007f0aedc20350:   00007f0b140b6820 00007f0b140bf338
0x00007f0aedc20360:   00007f0b140bef60 00007f0ad00083a0
0x00007f0aedc20370:   00007f0aedc20390 00007f0b140bef50
0x00007f0aedc20380:   00007f0b140be800 00007f0b14003980
0x00007f0aedc20390:   00007f0b140be800 00007f0b140bf340 

Instructions: (pc=0x00007f0b19ec3e86)
0x00007f0b19ec3e66:   89 45 b0 48 8b 43 30 48 89 45 b8 e8 8a 88 b9 ff
0x00007f0b19ec3e76:   49 39 c5 0f 82 11 01 00 00 31 f6 bf 20 00 00 00
0x00007f0b19ec3e86:   4d 8b 7d 08 e8 a1 67 f0 ff 48 85 c0 49 89 c0 74
0x00007f0b19ec3e96:   17 4c 89 38 48 c7 40 10 00 00 00 00 4c 89 68 08 

Register to memory mapping:

RAX=0x00000000e1a5db60 is an oop
java.lang.StringIndexOutOfBoundsException 
 - klass: 'java/lang/StringIndexOutOfBoundsException'
RBX=0x00007f0b1400f270 is an unknown value
RCX=0x00007f0b1a79e340: <offset 0x219340> in /lib/x86_64-linux-gnu/libpthread.so.0 at 0x00007f0b1a585000
RDX=0x000000000000fca1 is an unknown value
RSP=0x00007f0aedc201a0 is pointing into the stack for thread: 0x00007f0b140be800
RBP=0x00007f0aedc20250 is pointing into the stack for thread: 0x00007f0b140be800
RSI=0x0000000000000000 is an unknown value
RDI=0x0000000000000020 is an unknown value
R8 =0x00007f0ad0231620 is an unknown value
R9 =0x00007f0ad0000000 is an unknown value
R10=0x0000000000000022 is an unknown value
R11=0x0000000000000206 is an unknown value
R12=0x00007f0b1400f870 is an unknown value
R13=0x00007f0b1b052fe8 is pointing into the stack for thread: 0x00007f0b1400c800
R14=0x00007f0aedc201e0 is pointing into the stack for thread: 0x00007f0b140be800
R15=0x00007f0aed400020 is an unknown value


Stack: [0x00007f0aedb21000,0x00007f0aedc22000],  sp=0x00007f0aedc201a0,  free space=1020k
Native frames: (J=compiled Java code, j=interpreted, Vv=VM code, C=native code)
V  [libjvm.so+0x987e86]
V  [libjvm.so+0x6b36c8]
V  [libjvm.so+0x6b3b35]
V  [libjvm.so+0x6a8d36]
V  [libjvm.so+0x6622b2]
C  [libjdwp.so+0xa5f6]
C  [libjdwp.so+0x12268]
C  [libjdwp.so+0x24825]
V  [libjvm.so+0x6caa41]
V  [libjvm.so+0x93f3c7]
V  [libjvm.so+0x93f641]
V  [libjvm.so+0x7fe362]


---------------  P R O C E S S  ---------------

Java Threads: ( => current thread )
  0x00007f0b140ca000 JavaThread "Service Thread" daemon [_thread_blocked, id=9369, stack(0x00007f0aed61c000,0x00007f0aed71d000)]
  0x00007f0b140c7800 JavaThread "C2 CompilerThread1" daemon [_thread_blocked, id=9368, stack(0x00007f0aed71d000,0x00007f0aed81e000)]
  0x00007f0b140c4800 JavaThread "C2 CompilerThread0" daemon [_thread_blocked, id=9367, stack(0x00007f0aed81e000,0x00007f0aed91f000)]
  0x00007f0ad0001000 JavaThread "JDWP Command Reader" daemon [_thread_in_native, id=9364, stack(0x00007f0aed91f000,0x00007f0aeda20000)]
  0x00007f0b140c2000 JavaThread "JDWP Event Helper Thread" daemon [_thread_blocked, id=9362, stack(0x00007f0aeda20000,0x00007f0aedb21000)]
=>0x00007f0b140be800 JavaThread "JDWP Transport Listener: dt_socket" daemon [_thread_in_vm, id=9360, stack(0x00007f0aedb21000,0x00007f0aedc22000)]
  0x00007f0b140b1800 JavaThread "Signal Dispatcher" daemon [_thread_blocked, id=9358, stack(0x00007f0aede27000,0x00007f0aedf28000)]
  0x00007f0b14087800 JavaThread "Finalizer" daemon [_thread_blocked, id=9357, stack(0x00007f0aedf28000,0x00007f0aee029000)]
  0x00007f0b14085800 JavaThread "Reference Handler" daemon [_thread_blocked, id=9355, stack(0x00007f0aee029000,0x00007f0aee12a000)]
  0x00007f0b1400c800 JavaThread "main" [_thread_blocked, id=9345, stack(0x00007f0b1b050000,0x00007f0b1b151000)]

Other Threads:
  0x00007f0b14081000 VMThread [stack: 0x00007f0aee12a000,0x00007f0aee22b000] [id=9354]
  0x00007f0b140d5000 WatcherThread [stack: 0x00007f0aed51b000,0x00007f0aed61c000] [id=9370]

VM state:not at safepoint (normal execution)

VM Mutex/Monitor currently owned by a thread: None

Heap
 PSYoungGen      total 27648K, used 1444K [0x00000000e1a00000, 0x00000000e3880000, 0x0000000100000000)
  eden space 24064K, 6% used [0x00000000e1a00000,0x00000000e1b69058,0x00000000e3180000)
  from space 3584K, 0% used [0x00000000e3500000,0x00000000e3500000,0x00000000e3880000)
  to   space 3584K, 0% used [0x00000000e3180000,0x00000000e3180000,0x00000000e3500000)
 ParOldGen       total 61952K, used 0K [0x00000000a4e00000, 0x00000000a8a80000, 0x00000000e1a00000)
  object space 61952K, 0% used [0x00000000a4e00000,0x00000000a4e00000,0x00000000a8a80000)
 PSPermGen       total 21504K, used 2924K [0x000000009a800000, 0x000000009bd00000, 0x00000000a4e00000)
  object space 21504K, 13% used [0x000000009a800000,0x000000009aadb018,0x000000009bd00000)

Card table byte_map: [0x00007f0b1010d000,0x00007f0b1043a000] byte_map_base: 0x00007f0b0fc39000

Polling page: 0x00007f0b1b19f000

Code Cache  [0x00007f0b104fa000, 0x00007f0b1076a000, 0x00007f0b134fa000)
 total_blobs=160 nmethods=0 adapters=137 free_code_cache=48776Kb largest_free_block=49946240

Compilation events (0 events):
No events

GC Heap History (0 events):
No events

Deoptimization events (0 events):
No events

Internal exceptions (5 events):
Event: 0.034 Thread 0x00007f0b1400c800 Threw 0x00000000e1a0f028 at /build/openjdk-7-Fct0ZC/openjdk-7-7u95-2.6.4/build/openjdk/hotspot/src/share/vm/prims/jni.cpp:4027
Event: 0.142 Thread 0x00007f0b1400c800 Threw 0x00000000e1a4b028 at /build/openjdk-7-Fct0ZC/openjdk-7-7u95-2.6.4/build/openjdk/hotspot/src/share/vm/prims/jni.cpp:721
Event: 0.142 Thread 0x00007f0b1400c800 Threw 0x00000000e1a4b1a8 at /build/openjdk-7-Fct0ZC/openjdk-7-7u95-2.6.4/build/openjdk/hotspot/src/share/vm/prims/jvm.cpp:1322
Event: 0.142 Thread 0x00007f0b1400c800 Threw 0x00000000e1a4b2d0 at /build/openjdk-7-Fct0ZC/openjdk-7-7u95-2.6.4/build/openjdk/hotspot/src/share/vm/prims/jvm.cpp:1322
Event: 0.142 Thread 0x00007f0b1400c800 Threw 0x00000000e1a4b520 at /build/openjdk-7-Fct0ZC/openjdk-7-7u95-2.6.4/build/openjdk/hotspot/src/share/vm/prims/jvm.cpp:1322

Events (10 events):
Event: 80.187 Executing VM operation: ChangeBreakpoints
Event: 80.187 Executing VM operation: ChangeBreakpoints done
Event: 80.190 Executing VM operation: EnterInterpOnlyMode
Event: 80.190 Executing VM operation: EnterInterpOnlyMode done
Event: 80.190 Executing VM operation: GetCurrentLocation
Event: 80.190 Executing VM operation: GetCurrentLocation done
Event: 80.190 Executing VM operation: ChangeSingleStep
Event: 80.190 Executing VM operation: ChangeSingleStep done
Event: 80.190 Executing VM operation: ChangeSingleStep
Event: 80.190 Executing VM operation: ChangeSingleStep done


Dynamic libraries:
00400000-00401000 r-xp 00000000 08:05 2894542                            /usr/lib/jvm/java-7-openjdk-amd64/jre/bin/java
00600000-00601000 r--p 00000000 08:05 2894542                            /usr/lib/jvm/java-7-openjdk-amd64/jre/bin/java
00601000-00602000 rw-p 00001000 08:05 2894542                            /usr/lib/jvm/java-7-openjdk-amd64/jre/bin/java
01450000-01471000 rw-p 00000000 00:00 0                                  [heap]
9a800000-9bd00000 rw-p 00000000 00:00 0 
9bd00000-a4e00000 rw-p 00000000 00:00 0 
a4e00000-a8a80000 rw-p 00000000 00:00 0 
a8a80000-e1a00000 rw-p 00000000 00:00 0 
e1a00000-e3880000 rw-p 00000000 00:00 0 
e3880000-100000000 rw-p 00000000 00:00 0 
7f0ab8000000-7f0ab8021000 rw-p 00000000 00:00 0 
7f0ab8021000-7f0abc000000 ---p 00000000 00:00 0 
7f0ac0000000-7f0ac0021000 rw-p 00000000 00:00 0 
7f0ac0021000-7f0ac4000000 ---p 00000000 00:00 0 
7f0ac4000000-7f0ac4021000 rw-p 00000000 00:00 0 
7f0ac4021000-7f0ac8000000 ---p 00000000 00:00 0 
7f0ac8000000-7f0ac8021000 rw-p 00000000 00:00 0 
7f0ac8021000-7f0acc000000 ---p 00000000 00:00 0 
7f0acc000000-7f0acc021000 rw-p 00000000 00:00 0 
7f0acc021000-7f0ad0000000 ---p 00000000 00:00 0 
7f0ad0000000-7f0ad023d000 rw-p 00000000 00:00 0 
7f0ad023d000-7f0ad4000000 ---p 00000000 00:00 0 
7f0ad4000000-7f0ad4021000 rw-p 00000000 00:00 0 
7f0ad4021000-7f0ad8000000 ---p 00000000 00:00 0 
7f0ad8000000-7f0ad8021000 rw-p 00000000 00:00 0 
7f0ad8021000-7f0adc000000 ---p 00000000 00:00 0 
7f0adc000000-7f0adc021000 rw-p 00000000 00:00 0 
7f0adc021000-7f0ae0000000 ---p 00000000 00:00 0 
7f0ae0000000-7f0ae0021000 rw-p 00000000 00:00 0 
7f0ae0021000-7f0ae4000000 ---p 00000000 00:00 0 
7f0ae4000000-7f0ae4021000 rw-p 00000000 00:00 0 
7f0ae4021000-7f0ae8000000 ---p 00000000 00:00 0 
7f0ae8000000-7f0ae8021000 rw-p 00000000 00:00 0 
7f0ae8021000-7f0aec000000 ---p 00000000 00:00 0 
7f0aed400000-7f0aed51b000 rw-p 00000000 00:00 0 
7f0aed51b000-7f0aed51c000 ---p 00000000 00:00 0 
7f0aed51c000-7f0aed61c000 rw-p 00000000 00:00 0                          [stack:9370]
7f0aed61c000-7f0aed61f000 ---p 00000000 00:00 0 
7f0aed61f000-7f0aed71d000 rw-p 00000000 00:00 0                          [stack:9369]
7f0aed71d000-7f0aed720000 ---p 00000000 00:00 0 
7f0aed720000-7f0aed81e000 rw-p 00000000 00:00 0                          [stack:9368]
7f0aed81e000-7f0aed821000 ---p 00000000 00:00 0 
7f0aed821000-7f0aed91f000 rw-p 00000000 00:00 0                          [stack:9367]
7f0aed91f000-7f0aed922000 ---p 00000000 00:00 0 
7f0aed922000-7f0aeda20000 rw-p 00000000 00:00 0                          [stack:9364]
7f0aeda20000-7f0aeda23000 ---p 00000000 00:00 0 
7f0aeda23000-7f0aedb21000 rw-p 00000000 00:00 0                          [stack:9362]
7f0aedb21000-7f0aedb24000 ---p 00000000 00:00 0 
7f0aedb24000-7f0aedc22000 rw-p 00000000 00:00 0                          [stack:9360]
7f0aedc22000-7f0aedc26000 r-xp 00000000 08:05 2902043                    /usr/lib/jvm/java-7-openjdk-amd64/jre/lib/amd64/libdt_socket.so
7f0aedc26000-7f0aede25000 ---p 00004000 08:05 2902043                    /usr/lib/jvm/java-7-openjdk-amd64/jre/lib/amd64/libdt_socket.so
7f0aede25000-7f0aede26000 r--p 00003000 08:05 2902043                    /usr/lib/jvm/java-7-openjdk-amd64/jre/lib/amd64/libdt_socket.so
7f0aede26000-7f0aede27000 rw-p 00004000 08:05 2902043                    /usr/lib/jvm/java-7-openjdk-amd64/jre/lib/amd64/libdt_socket.so
7f0aede27000-7f0aede2a000 ---p 00000000 00:00 0 
7f0aede2a000-7f0aedf28000 rw-p 00000000 00:00 0                          [stack:9358]
7f0aedf28000-7f0aedf2b000 ---p 00000000 00:00 0 
7f0aedf2b000-7f0aee029000 rw-p 00000000 00:00 0                          [stack:9357]
7f0aee029000-7f0aee02c000 ---p 00000000 00:00 0 
7f0aee02c000-7f0aee12a000 rw-p 00000000 00:00 0                          [stack:9355]
7f0aee12a000-7f0aee12b000 ---p 00000000 00:00 0 
7f0aee12b000-7f0aefe4e000 rw-p 00000000 00:00 0                          [stack:9354]
7f0aefe4e000-7f0af0000000 r--s 01d2f000 08:05 2898237                    /usr/lib/jvm/java-7-openjdk-amd64/jre/lib/rt.jar
7f0af0000000-7f0af0021000 rw-p 00000000 00:00 0 
7f0af0021000-7f0af4000000 ---p 00000000 00:00 0 
7f0af4000000-7f0af4021000 rw-p 00000000 00:00 0 
7f0af4021000-7f0af8000000 ---p 00000000 00:00 0 
7f0af8000000-7f0af8021000 rw-p 00000000 00:00 0 
7f0af8021000-7f0afc000000 ---p 00000000 00:00 0 
7f0afc000000-7f0afc021000 rw-p 00000000 00:00 0 
7f0afc021000-7f0b00000000 ---p 00000000 00:00 0 
7f0b00000000-7f0b00021000 rw-p 00000000 00:00 0 
7f0b00021000-7f0b04000000 ---p 00000000 00:00 0 
7f0b04000000-7f0b04021000 rw-p 00000000 00:00 0 
7f0b04021000-7f0b08000000 ---p 00000000 00:00 0 
7f0b08000000-7f0b08021000 rw-p 00000000 00:00 0 
7f0b08021000-7f0b0c000000 ---p 00000000 00:00 0 
7f0b0c019000-7f0b0f71f000 rw-p 00000000 00:00 0 
7f0b0f71f000-7f0b0f720000 ---p 00000000 00:00 0 
7f0b0f720000-7f0b0f820000 rw-p 00000000 00:00 0                          [stack:9353]
7f0b0f820000-7f0b0f821000 ---p 00000000 00:00 0 
7f0b0f821000-7f0b0f921000 rw-p 00000000 00:00 0                          [stack:9352]
7f0b0f921000-7f0b0f922000 ---p 00000000 00:00 0 
7f0b0f922000-7f0b0fa22000 rw-p 00000000 00:00 0                          [stack:9351]
7f0b0fa22000-7f0b0fa23000 ---p 00000000 00:00 0 
7f0b0fa23000-7f0b0fb23000 rw-p 00000000 00:00 0                          [stack:9350]
7f0b0fb23000-7f0b0fb24000 ---p 00000000 00:00 0 
7f0b0fb24000-7f0b0fc24000 rw-p 00000000 00:00 0                          [stack:9349]
7f0b0fc24000-7f0b0fc25000 ---p 00000000 00:00 0 
7f0b0fc25000-7f0b0fd25000 rw-p 00000000 00:00 0                          [stack:9348]
7f0b0fd25000-7f0b0fd26000 ---p 00000000 00:00 0 
7f0b0fd26000-7f0b0fe26000 rw-p 00000000 00:00 0                          [stack:9347]
7f0b0fe26000-7f0b0fe27000 ---p 00000000 00:00 0 
7f0b0fe27000-7f0b0ff46000 rw-p 00000000 00:00 0                          [stack:9346]
7f0b0ff46000-7f0b1010d000 rw-p 00000000 00:00 0 
7f0b1010d000-7f0b10118000 rw-p 00000000 00:00 0 
7f0b10118000-7f0b10160000 rw-p 00000000 00:00 0 
7f0b10160000-7f0b1017f000 rw-p 00000000 00:00 0 
7f0b1017f000-7f0b10346000 rw-p 00000000 00:00 0 
7f0b10346000-7f0b10356000 rw-p 00000000 00:00 0 
7f0b10356000-7f0b10439000 rw-p 00000000 00:00 0 
7f0b10439000-7f0b10444000 rw-p 00000000 00:00 0 
7f0b10444000-7f0b104fa000 rw-p 00000000 00:00 0 
7f0b104fa000-7f0b1076a000 rwxp 00000000 00:00 0 
7f0b1076a000-7f0b134fa000 rw-p 00000000 00:00 0 
7f0b134fa000-7f0b13502000 r-xp 00000000 08:05 2901418                    /usr/lib/jvm/java-7-openjdk-amd64/jre/lib/amd64/libzip.so
7f0b13502000-7f0b13701000 ---p 00008000 08:05 2901418                    /usr/lib/jvm/java-7-openjdk-amd64/jre/lib/amd64/libzip.so
7f0b13701000-7f0b13702000 r--p 00007000 08:05 2901418                    /usr/lib/jvm/java-7-openjdk-amd64/jre/lib/amd64/libzip.so
7f0b13702000-7f0b13703000 rw-p 00008000 08:05 2901418                    /usr/lib/jvm/java-7-openjdk-amd64/jre/lib/amd64/libzip.so
7f0b13703000-7f0b1370f000 r-xp 00000000 08:05 4476041                    /lib/x86_64-linux-gnu/libnss_files-2.21.so
7f0b1370f000-7f0b1390e000 ---p 0000c000 08:05 4476041                    /lib/x86_64-linux-gnu/libnss_files-2.21.so
7f0b1390e000-7f0b1390f000 r--p 0000b000 08:05 4476041                    /lib/x86_64-linux-gnu/libnss_files-2.21.so
7f0b1390f000-7f0b13910000 rw-p 0000c000 08:05 4476041                    /lib/x86_64-linux-gnu/libnss_files-2.21.so
7f0b13910000-7f0b1391b000 r-xp 00000000 08:05 4478667                    /lib/x86_64-linux-gnu/libnss_nis-2.21.so
7f0b1391b000-7f0b13b1a000 ---p 0000b000 08:05 4478667                    /lib/x86_64-linux-gnu/libnss_nis-2.21.so
7f0b13b1a000-7f0b13b1b000 r--p 0000a000 08:05 4478667                    /lib/x86_64-linux-gnu/libnss_nis-2.21.so
7f0b13b1b000-7f0b13b1c000 rw-p 0000b000 08:05 4478667                    /lib/x86_64-linux-gnu/libnss_nis-2.21.so
7f0b13b1c000-7f0b13b33000 r-xp 00000000 08:05 4476089                    /lib/x86_64-linux-gnu/libnsl-2.21.so
7f0b13b33000-7f0b13d32000 ---p 00017000 08:05 4476089                    /lib/x86_64-linux-gnu/libnsl-2.21.so
7f0b13d32000-7f0b13d33000 r--p 00016000 08:05 4476089                    /lib/x86_64-linux-gnu/libnsl-2.21.so
7f0b13d33000-7f0b13d34000 rw-p 00017000 08:05 4476089                    /lib/x86_64-linux-gnu/libnsl-2.21.so
7f0b13d34000-7f0b13d36000 rw-p 00000000 00:00 0 
7f0b13d36000-7f0b14000000 r--p 00000000 08:05 2883733                    /usr/lib/locale/locale-archive
7f0b14000000-7f0b1412d000 rw-p 00000000 00:00 0 
7f0b1412d000-7f0b18000000 ---p 00000000 00:00 0 
7f0b1800a000-7f0b18012000 r-xp 00000000 08:05 4476043                    /lib/x86_64-linux-gnu/libnss_compat-2.21.so
7f0b18012000-7f0b18211000 ---p 00008000 08:05 4476043                    /lib/x86_64-linux-gnu/libnss_compat-2.21.so
7f0b18211000-7f0b18212000 r--p 00007000 08:05 4476043                    /lib/x86_64-linux-gnu/libnss_compat-2.21.so
7f0b18212000-7f0b18213000 rw-p 00008000 08:05 4476043                    /lib/x86_64-linux-gnu/libnss_compat-2.21.so
7f0b18213000-7f0b18215000 r-xp 00000000 08:05 2902260                    /usr/lib/jvm/java-7-openjdk-amd64/jre/lib/amd64/libnpt.so
7f0b18215000-7f0b18415000 ---p 00002000 08:05 2902260                    /usr/lib/jvm/java-7-openjdk-amd64/jre/lib/amd64/libnpt.so
7f0b18415000-7f0b18416000 r--p 00002000 08:05 2902260                    /usr/lib/jvm/java-7-openjdk-amd64/jre/lib/amd64/libnpt.so
7f0b18416000-7f0b18417000 rw-p 00003000 08:05 2902260                    /usr/lib/jvm/java-7-openjdk-amd64/jre/lib/amd64/libnpt.so
7f0b18417000-7f0b18452000 r-xp 00000000 08:05 2902265                    /usr/lib/jvm/java-7-openjdk-amd64/jre/lib/amd64/libjdwp.so
7f0b18452000-7f0b18652000 ---p 0003b000 08:05 2902265                    /usr/lib/jvm/java-7-openjdk-amd64/jre/lib/amd64/libjdwp.so
7f0b18652000-7f0b18653000 r--p 0003b000 08:05 2902265                    /usr/lib/jvm/java-7-openjdk-amd64/jre/lib/amd64/libjdwp.so
7f0b18653000-7f0b18654000 rw-p 0003c000 08:05 2902265                    /usr/lib/jvm/java-7-openjdk-amd64/jre/lib/amd64/libjdwp.so
7f0b18654000-7f0b18680000 r-xp 00000000 08:05 2902261                    /usr/lib/jvm/java-7-openjdk-amd64/jre/lib/amd64/libjava.so
7f0b18680000-7f0b1887f000 ---p 0002c000 08:05 2902261                    /usr/lib/jvm/java-7-openjdk-amd64/jre/lib/amd64/libjava.so
7f0b1887f000-7f0b18880000 r--p 0002b000 08:05 2902261                    /usr/lib/jvm/java-7-openjdk-amd64/jre/lib/amd64/libjava.so
7f0b18880000-7f0b18882000 rw-p 0002c000 08:05 2902261                    /usr/lib/jvm/java-7-openjdk-amd64/jre/lib/amd64/libjava.so
7f0b18882000-7f0b18891000 r-xp 00000000 08:05 2902276                    /usr/lib/jvm/java-7-openjdk-amd64/jre/lib/amd64/libverify.so
7f0b18891000-7f0b18a90000 ---p 0000f000 08:05 2902276                    /usr/lib/jvm/java-7-openjdk-amd64/jre/lib/amd64/libverify.so
7f0b18a90000-7f0b18a92000 r--p 0000e000 08:05 2902276                    /usr/lib/jvm/java-7-openjdk-amd64/jre/lib/amd64/libverify.so
7f0b18a92000-7f0b18a93000 rw-p 00010000 08:05 2902276                    /usr/lib/jvm/java-7-openjdk-amd64/jre/lib/amd64/libverify.so
7f0b18a93000-7f0b18a9a000 r-xp 00000000 08:05 4476037                    /lib/x86_64-linux-gnu/librt-2.21.so
7f0b18a9a000-7f0b18c99000 ---p 00007000 08:05 4476037                    /lib/x86_64-linux-gnu/librt-2.21.so
7f0b18c99000-7f0b18c9a000 r--p 00006000 08:05 4476037                    /lib/x86_64-linux-gnu/librt-2.21.so
7f0b18c9a000-7f0b18c9b000 rw-p 00007000 08:05 4476037                    /lib/x86_64-linux-gnu/librt-2.21.so
7f0b18c9b000-7f0b18cb1000 r-xp 00000000 08:05 4463298                    /lib/x86_64-linux-gnu/libgcc_s.so.1
7f0b18cb1000-7f0b18eb0000 ---p 00016000 08:05 4463298                    /lib/x86_64-linux-gnu/libgcc_s.so.1
7f0b18eb0000-7f0b18eb1000 r--p 00015000 08:05 4463298                    /lib/x86_64-linux-gnu/libgcc_s.so.1
7f0b18eb1000-7f0b18eb2000 rw-p 00016000 08:05 4463298                    /lib/x86_64-linux-gnu/libgcc_s.so.1
7f0b18eb2000-7f0b18fb9000 r-xp 00000000 08:05 4478669                    /lib/x86_64-linux-gnu/libm-2.21.so
7f0b18fb9000-7f0b191b8000 ---p 00107000 08:05 4478669                    /lib/x86_64-linux-gnu/libm-2.21.so
7f0b191b8000-7f0b191b9000 r--p 00106000 08:05 4478669                    /lib/x86_64-linux-gnu/libm-2.21.so
7f0b191b9000-7f0b191ba000 rw-p 00107000 08:05 4478669                    /lib/x86_64-linux-gnu/libm-2.21.so
7f0b191ba000-7f0b1932d000 r-xp 00000000 08:05 2885157                    /usr/lib/x86_64-linux-gnu/libstdc++.so.6.0.21
7f0b1932d000-7f0b1952c000 ---p 00173000 08:05 2885157                    /usr/lib/x86_64-linux-gnu/libstdc++.so.6.0.21
7f0b1952c000-7f0b19536000 r--p 00172000 08:05 2885157                    /usr/lib/x86_64-linux-gnu/libstdc++.so.6.0.21
7f0b19536000-7f0b19538000 rw-p 0017c000 08:05 2885157                    /usr/lib/x86_64-linux-gnu/libstdc++.so.6.0.21
7f0b19538000-7f0b1953c000 rw-p 00000000 00:00 0 
7f0b1953c000-7f0b1a08d000 r-xp 00000000 08:05 2902267                    /usr/lib/jvm/java-7-openjdk-amd64/jre/lib/amd64/server/libjvm.so
7f0b1a08d000-7f0b1a28c000 ---p 00b51000 08:05 2902267                    /usr/lib/jvm/java-7-openjdk-amd64/jre/lib/amd64/server/libjvm.so
7f0b1a28c000-7f0b1a31d000 r--p 00b50000 08:05 2902267                    /usr/lib/jvm/java-7-openjdk-amd64/jre/lib/amd64/server/libjvm.so
7f0b1a31d000-7f0b1a340000 rw-p 00be1000 08:05 2902267                    /usr/lib/jvm/java-7-openjdk-amd64/jre/lib/amd64/server/libjvm.so
7f0b1a340000-7f0b1a36b000 rw-p 00000000 00:00 0 
7f0b1a36b000-7f0b1a384000 r-xp 00000000 08:05 4463307                    /lib/x86_64-linux-gnu/libz.so.1.2.8
7f0b1a384000-7f0b1a583000 ---p 00019000 08:05 4463307                    /lib/x86_64-linux-gnu/libz.so.1.2.8
7f0b1a583000-7f0b1a584000 r--p 00018000 08:05 4463307                    /lib/x86_64-linux-gnu/libz.so.1.2.8
7f0b1a584000-7f0b1a585000 rw-p 00019000 08:05 4463307                    /lib/x86_64-linux-gnu/libz.so.1.2.8
7f0b1a585000-7f0b1a59d000 r-xp 00000000 08:05 4476039                    /lib/x86_64-linux-gnu/libpthread-2.21.so
7f0b1a59d000-7f0b1a79d000 ---p 00018000 08:05 4476039                    /lib/x86_64-linux-gnu/libpthread-2.21.so
7f0b1a79d000-7f0b1a79e000 r--p 00018000 08:05 4476039                    /lib/x86_64-linux-gnu/libpthread-2.21.so
7f0b1a79e000-7f0b1a79f000 rw-p 00019000 08:05 4476039                    /lib/x86_64-linux-gnu/libpthread-2.21.so
7f0b1a79f000-7f0b1a7a3000 rw-p 00000000 00:00 0 
7f0b1a7a3000-7f0b1a7a6000 r-xp 00000000 08:05 4478666                    /lib/x86_64-linux-gnu/libdl-2.21.so
7f0b1a7a6000-7f0b1a9a5000 ---p 00003000 08:05 4478666                    /lib/x86_64-linux-gnu/libdl-2.21.so
7f0b1a9a5000-7f0b1a9a6000 r--p 00002000 08:05 4478666                    /lib/x86_64-linux-gnu/libdl-2.21.so
7f0b1a9a6000-7f0b1a9a7000 rw-p 00003000 08:05 4478666                    /lib/x86_64-linux-gnu/libdl-2.21.so
7f0b1a9a7000-7f0b1ab67000 r-xp 00000000 08:05 4478670                    /lib/x86_64-linux-gnu/libc-2.21.so
7f0b1ab67000-7f0b1ad67000 ---p 001c0000 08:05 4478670                    /lib/x86_64-linux-gnu/libc-2.21.so
7f0b1ad67000-7f0b1ad6b000 r--p 001c0000 08:05 4478670                    /lib/x86_64-linux-gnu/libc-2.21.so
7f0b1ad6b000-7f0b1ad6d000 rw-p 001c4000 08:05 4478670                    /lib/x86_64-linux-gnu/libc-2.21.so
7f0b1ad6d000-7f0b1ad71000 rw-p 00000000 00:00 0 
7f0b1ad71000-7f0b1ad7e000 r-xp 00000000 08:05 2902277                    /usr/lib/jvm/java-7-openjdk-amd64/jre/lib/amd64/jli/libjli.so
7f0b1ad7e000-7f0b1af7d000 ---p 0000d000 08:05 2902277                    /usr/lib/jvm/java-7-openjdk-amd64/jre/lib/amd64/jli/libjli.so
7f0b1af7d000-7f0b1af7e000 r--p 0000c000 08:05 2902277                    /usr/lib/jvm/java-7-openjdk-amd64/jre/lib/amd64/jli/libjli.so
7f0b1af7e000-7f0b1af7f000 rw-p 0000d000 08:05 2902277                    /usr/lib/jvm/java-7-openjdk-amd64/jre/lib/amd64/jli/libjli.so
7f0b1af7f000-7f0b1afa3000 r-xp 00000000 08:05 4476092                    /lib/x86_64-linux-gnu/ld-2.21.so
7f0b1afb4000-7f0b1b008000 rw-p 00000000 00:00 0 
7f0b1b008000-7f0b1b050000 rw-p 00000000 00:00 0 
7f0b1b050000-7f0b1b053000 ---p 00000000 00:00 0 
7f0b1b053000-7f0b1b156000 rw-p 00000000 00:00 0                          [stack:9345]
7f0b1b160000-7f0b1b162000 rw-p 00000000 00:00 0 
7f0b1b162000-7f0b1b163000 r--s 00002000 08:05 2897939                    /usr/lib/jvm/java-7-openjdk-amd64/jre/lib/ext/dnsns.jar
7f0b1b163000-7f0b1b167000 r--s 0003c000 08:05 2897931                    /usr/lib/jvm/java-7-openjdk-amd64/jre/lib/ext/sunpkcs11.jar
7f0b1b167000-7f0b1b16a000 r--s 0000f000 08:05 2896813                    /usr/lib/jvm/java-7-openjdk-amd64/jre/lib/ext/icedtea-sound.jar
7f0b1b16a000-7f0b1b16c000 r--s 00012000 08:05 2896810                    /usr/lib/jvm/java-7-openjdk-amd64/jre/lib/ext/zipfs.jar
7f0b1b16c000-7f0b1b170000 r--s 00085000 08:05 2896811                    /usr/lib/jvm/java-7-openjdk-amd64/jre/lib/ext/localedata.jar
7f0b1b170000-7f0b1b174000 r--s 00034000 08:05 2897040                    /usr/lib/jvm/java-7-openjdk-amd64/jre/lib/ext/sunjce_provider.jar
7f0b1b174000-7f0b1b176000 r--s 00007000 08:05 3286394                    /usr/share/java/java-atk-wrapper.jar
7f0b1b176000-7f0b1b196000 rw-p 00000000 00:00 0 
7f0b1b196000-7f0b1b19e000 rw-s 00000000 08:05 6946933                    /tmp/hsperfdata_mohamed/9339
7f0b1b19e000-7f0b1b19f000 rw-p 00000000 00:00 0 
7f0b1b19f000-7f0b1b1a0000 r--p 00000000 00:00 0 
7f0b1b1a0000-7f0b1b1a2000 rw-p 00000000 00:00 0 
7f0b1b1a2000-7f0b1b1a3000 r--p 00023000 08:05 4476092                    /lib/x86_64-linux-gnu/ld-2.21.so
7f0b1b1a3000-7f0b1b1a4000 rw-p 00024000 08:05 4476092                    /lib/x86_64-linux-gnu/ld-2.21.so
7f0b1b1a4000-7f0b1b1a5000 rw-p 00000000 00:00 0 
7ffc4bc96000-7ffc4bcb7000 rw-p 00000000 00:00 0                          [stack]
7ffc4bdb8000-7ffc4bdba000 r--p 00000000 00:00 0                          [vvar]
7ffc4bdba000-7ffc4bdbc000 r-xp 00000000 00:00 0                          [vdso]
ffffffffff600000-ffffffffff601000 r-xp 00000000 00:00 0                  [vsyscall]

VM Arguments:
jvm_args: -agentlib:jdwp=transport=dt_socket,suspend=y,address=localhost:44815 -Dfile.encoding=UTF-8 
java_command: lab5.FirstAndFollowSets
Launcher Type: SUN_STANDARD

Environment Variables:
PATH=/usr/local/sbin:/usr/local/bin:/usr/sbin:/usr/bin:/sbin:/bin:/usr/games:/usr/local/games:/home/mohamed/.rvm/bin
SHELL=/bin/bash
DISPLAY=:0

Signal Handlers:
SIGSEGV: [libjvm.so+0x995450], sa_mask[0]=0x7ffbfeff, sa_flags=0x10000004
SIGBUS: [libjvm.so+0x995450], sa_mask[0]=0x7ffbfeff, sa_flags=0x10000004
SIGFPE: [libjvm.so+0x7fc6a0], sa_mask[0]=0x7ffbfeff, sa_flags=0x10000004
SIGPIPE: [libjvm.so+0x7fc6a0], sa_mask[0]=0x7ffbfeff, sa_flags=0x10000004
SIGXFSZ: [libjvm.so+0x7fc6a0], sa_mask[0]=0x7ffbfeff, sa_flags=0x10000004
SIGILL: [libjvm.so+0x7fc6a0], sa_mask[0]=0x7ffbfeff, sa_flags=0x10000004
SIGUSR1: SIG_DFL, sa_mask[0]=0x00000000, sa_flags=0x00000000
SIGUSR2: [libjvm.so+0x7fc520], sa_mask[0]=0x00000004, sa_flags=0x10000004
SIGHUP: [libjvm.so+0x7fc6b0], sa_mask[0]=0x7ffbfeff, sa_flags=0x10000004
SIGINT: [libjvm.so+0x7fc6b0], sa_mask[0]=0x7ffbfeff, sa_flags=0x10000004
SIGTERM: [libjvm.so+0x7fc6b0], sa_mask[0]=0x7ffbfeff, sa_flags=0x10000004
SIGQUIT: [libjvm.so+0x7fc6b0], sa_mask[0]=0x7ffbfeff, sa_flags=0x10000004
SIGTRAP: SIG_DFL, sa_mask[0]=0x00000000, sa_flags=0x00000000


---------------  S Y S T E M  ---------------

OS:Ubuntu 15.10 (wily)
uname:Linux 4.2.0-34-generic #39-Ubuntu SMP Thu Mar 10 22:13:01 UTC 2016 x86_64
libc:glibc 2.21 NPTL 2.21 
rlimit: STACK 8192k, CORE 0k, NPROC 23183, NOFILE 65536, AS infinity
load average:0.19 0.18 0.14

/proc/meminfo:
MemTotal:        5969644 kB
MemFree:         2801696 kB
MemAvailable:    4488244 kB
Buffers:          570484 kB
Cached:          1136376 kB
SwapCached:            0 kB
Active:          2110136 kB
Inactive:         700672 kB
Active(anon):    1107300 kB
Inactive(anon):   186416 kB
Active(file):    1002836 kB
Inactive(file):   514256 kB
Unevictable:         128 kB
Mlocked:             128 kB
SwapTotal:       6148092 kB
SwapFree:        6148092 kB
Dirty:                76 kB
Writeback:             0 kB
AnonPages:       1103860 kB
Mapped:           298664 kB
Shmem:            189772 kB
Slab:             246272 kB
SReclaimable:     205744 kB
SUnreclaim:        40528 kB
KernelStack:       10416 kB
PageTables:        35504 kB
NFS_Unstable:          0 kB
Bounce:                0 kB
WritebackTmp:          0 kB
CommitLimit:     9132912 kB
Committed_AS:    5062984 kB
VmallocTotal:   34359738367 kB
VmallocUsed:      565856 kB
VmallocChunk:   34358423548 kB
HardwareCorrupted:     0 kB
AnonHugePages:    751616 kB
CmaTotal:              0 kB
CmaFree:               0 kB
HugePages_Total:       0
HugePages_Free:        0
HugePages_Rsvd:        0
HugePages_Surp:        0
Hugepagesize:       2048 kB
DirectMap4k:      139512 kB
DirectMap2M:     6010880 kB


CPU:total 8 (4 cores per cpu, 2 threads per core) family 6 model 58 stepping 9, cmov, cx8, fxsr, mmx, sse, sse2, sse3, ssse3, sse4.1, sse4.2, popcnt, avx, aes, erms, ht, tsc, tscinvbit, tscinv

/proc/cpuinfo:
processor	: 0
vendor_id	: GenuineIntel
cpu family	: 6
model		: 58
model name	: Intel(R) Core(TM) i7-3632QM CPU @ 2.20GHz
stepping	: 9
microcode	: 0x12
cpu MHz		: 2899.960
cache size	: 6144 KB
physical id	: 0
siblings	: 8
core id		: 0
cpu cores	: 4
apicid		: 0
initial apicid	: 0
fpu		: yes
fpu_exception	: yes
cpuid level	: 13
wp		: yes
flags		: fpu vme de pse tsc msr pae mce cx8 apic sep mtrr pge mca cmov pat pse36 clflush dts acpi mmx fxsr sse sse2 ss ht tm pbe syscall nx rdtscp lm constant_tsc arch_perfmon pebs bts rep_good nopl xtopology nonstop_tsc aperfmperf eagerfpu pni pclmulqdq dtes64 monitor ds_cpl vmx est tm2 ssse3 cx16 xtpr pdcm pcid sse4_1 sse4_2 x2apic popcnt tsc_deadline_timer aes xsave avx f16c rdrand lahf_lm ida arat epb pln pts dtherm tpr_shadow vnmi flexpriority ept vpid fsgsbase smep erms xsaveopt
bugs		:
bogomips	: 4389.96
clflush size	: 64
cache_alignment	: 64
address sizes	: 36 bits physical, 48 bits virtual
power management:

processor	: 1
vendor_id	: GenuineIntel
cpu family	: 6
model		: 58
model name	: Intel(R) Core(TM) i7-3632QM CPU @ 2.20GHz
stepping	: 9
microcode	: 0x12
cpu MHz		: 2908.554
cache size	: 6144 KB
physical id	: 0
siblings	: 8
core id		: 0
cpu cores	: 4
apicid		: 1
initial apicid	: 1
fpu		: yes
fpu_exception	: yes
cpuid level	: 13
wp		: yes
flags		: fpu vme de pse tsc msr pae mce cx8 apic sep mtrr pge mca cmov pat pse36 clflush dts acpi mmx fxsr sse sse2 ss ht tm pbe syscall nx rdtscp lm constant_tsc arch_perfmon pebs bts rep_good nopl xtopology nonstop_tsc aperfmperf eagerfpu pni pclmulqdq dtes64 monitor ds_cpl vmx est tm2 ssse3 cx16 xtpr pdcm pcid sse4_1 sse4_2 x2apic popcnt tsc_deadline_timer aes xsave avx f16c rdrand lahf_lm ida arat epb pln pts dtherm tpr_shadow vnmi flexpriority ept vpid fsgsbase smep erms xsaveopt
bugs		:
bogomips	: 4389.96
clflush size	: 64
cache_alignment	: 64
address sizes	: 36 bits physical, 48 bits virtual
power management:

processor	: 2
vendor_id	: GenuineIntel
cpu family	: 6
model		: 58
model name	: Intel(R) Core(TM) i7-3632QM CPU @ 2.20GHz
stepping	: 9
microcode	: 0x12
cpu MHz		: 2911.906
cache size	: 6144 KB
physical id	: 0
siblings	: 8
core id		: 1
cpu cores	: 4
apicid		: 2
initial apicid	: 2
fpu		: yes
fpu_exception	: yes
cpuid level	: 13
wp		: yes
flags		: fpu vme de pse tsc msr pae mce cx8 apic sep mtrr pge mca cmov pat pse36 clflush dts acpi mmx fxsr sse sse2 ss ht tm pbe syscall nx rdtscp lm constant_tsc arch_perfmon pebs bts rep_good nopl xtopology nonstop_tsc aperfmperf eagerfpu pni pclmulqdq dtes64 monitor ds_cpl vmx est tm2 ssse3 cx16 xtpr pdcm pcid sse4_1 sse4_2 x2apic popcnt tsc_deadline_timer aes xsave avx f16c rdrand lahf_lm ida arat epb pln pts dtherm tpr_shadow vnmi flexpriority ept vpid fsgsbase smep erms xsaveopt
bugs		:
bogomips	: 4389.96
clflush size	: 64
cache_alignment	: 64
address sizes	: 36 bits physical, 48 bits virtual
power management:

processor	: 3
vendor_id	: GenuineIntel
cpu family	: 6
model		: 58
model name	: Intel(R) Core(TM) i7-3632QM CPU @ 2.20GHz
stepping	: 9
microcode	: 0x12
cpu MHz		: 2899.617
cache size	: 6144 KB
physical id	: 0
siblings	: 8
core id		: 1
cpu cores	: 4
apicid		: 3
initial apicid	: 3
fpu		: yes
fpu_exception	: yes
cpuid level	: 13
wp		: yes
flags		: fpu vme de pse tsc msr pae mce cx8 apic sep mtrr pge mca cmov pat pse36 clflush dts acpi mmx fxsr sse sse2 ss ht tm pbe syscall nx rdtscp lm constant_tsc arch_perfmon pebs bts rep_good nopl xtopology nonstop_tsc aperfmperf eagerfpu pni pclmulqdq dtes64 monitor ds_cpl vmx est tm2 ssse3 cx16 xtpr pdcm pcid sse4_1 sse4_2 x2apic popcnt tsc_deadline_timer aes xsave avx f16c rdrand lahf_lm ida arat epb pln pts dtherm tpr_shadow vnmi flexpriority ept vpid fsgsbase smep erms xsaveopt
bugs		:
bogomips	: 4389.96
clflush size	: 64
cache_alignment	: 64
address sizes	: 36 bits physical, 48 bits virtual
power management:

processor	: 4
vendor_id	: GenuineIntel
cpu family	: 6
model		: 58
model name	: Intel(R) Core(TM) i7-3632QM CPU @ 2.20GHz
stepping	: 9
microcode	: 0x12
cpu MHz		: 2885.953
cache size	: 6144 KB
physical id	: 0
siblings	: 8
core id		: 2
cpu cores	: 4
apicid		: 4
initial apicid	: 4
fpu		: yes
fpu_exception	: yes
cpuid level	: 13
wp		: yes
flags		: fpu vme de pse tsc msr pae mce cx8 apic sep mtrr pge mca cmov pat pse36 clflush dts acpi mmx fxsr sse sse2 ss ht tm pbe syscall nx rdtscp lm constant_tsc arch_perfmon pebs bts rep_good nopl xtopology nonstop_tsc aperfmperf eagerfpu pni pclmulqdq dtes64 monitor ds_cpl vmx est tm2 ssse3 cx16 xtpr pdcm pcid sse4_1 sse4_2 x2apic popcnt tsc_deadline_timer aes xsave avx f16c rdrand lahf_lm ida arat epb pln pts dtherm tpr_shadow vnmi flexpriority ept vpid fsgsbase smep erms xsaveopt
bugs		:
bogomips	: 4389.96
clflush size	: 64
cache_alignment	: 64
address sizes	: 36 bits physical, 48 bits virtual
power management:

processor	: 5
vendor_id	: GenuineIntel
cpu family	: 6
model		: 58
model name	: Intel(R) Core(TM) i7-3632QM CPU @ 2.20GHz
stepping	: 9
microcode	: 0x12
cpu MHz		: 2802.421
cache size	: 6144 KB
physical id	: 0
siblings	: 8
core id		: 2
cpu cores	: 4
apicid		: 5
initial apicid	: 5
fpu		: yes
fpu_exception	: yes
cpuid level	: 13
wp		: yes
flags		: fpu vme de pse tsc msr pae mce cx8 apic sep mtrr pge mca cmov pat pse36 clflush dts acpi mmx fxsr sse sse2 ss ht tm pbe syscall nx rdtscp lm constant_tsc arch_perfmon pebs bts rep_good nopl xtopology nonstop_tsc aperfmperf eagerfpu pni pclmulqdq dtes64 monitor ds_cpl vmx est tm2 ssse3 cx16 xtpr pdcm pcid sse4_1 sse4_2 x2apic popcnt tsc_deadline_timer aes xsave avx f16c rdrand lahf_lm ida arat epb pln pts dtherm tpr_shadow vnmi flexpriority ept vpid fsgsbase smep erms xsaveopt
bugs		:
bogomips	: 4389.96
clflush size	: 64
cache_alignment	: 64
address sizes	: 36 bits physical, 48 bits virtual
power management:

processor	: 6
vendor_id	: GenuineIntel
cpu family	: 6
model		: 58
model name	: Intel(R) Core(TM) i7-3632QM CPU @ 2.20GHz
stepping	: 9
microcode	: 0x12
cpu MHz		: 2899.960
cache size	: 6144 KB
physical id	: 0
siblings	: 8
core id		: 3
cpu cores	: 4
apicid		: 6
initial apicid	: 6
fpu		: yes
fpu_exception	: yes
cpuid level	: 13
wp		: yes
flags		: fpu vme de pse tsc msr pae mce cx8 apic sep mtrr pge mca cmov pat pse36 clflush dts acpi mmx fxsr sse sse2 ss ht tm pbe syscall nx rdtscp lm constant_tsc arch_perfmon pebs bts rep_good nopl xtopology nonstop_tsc aperfmperf eagerfpu pni pclmulqdq dtes64 monitor ds_cpl vmx est tm2 ssse3 cx16 xtpr pdcm pcid sse4_1 sse4_2 x2apic popcnt tsc_deadline_timer aes xsave avx f16c rdrand lahf_lm ida arat epb pln pts dtherm tpr_shadow vnmi flexpriority ept vpid fsgsbase smep erms xsaveopt
bugs		:
bogomips	: 4389.96
clflush size	: 64
cache_alignment	: 64
address sizes	: 36 bits physical, 48 bits virtual
power management:

processor	: 7
vendor_id	: GenuineIntel
cpu family	: 6
model		: 58
model name	: Intel(R) Core(TM) i7-3632QM CPU @ 2.20GHz
stepping	: 9
microcode	: 0x12
cpu MHz		: 2751.890
cache size	: 6144 KB
physical id	: 0
siblings	: 8
core id		: 3
cpu cores	: 4
apicid		: 7
initial apicid	: 7
fpu		: yes
fpu_exception	: yes
cpuid level	: 13
wp		: yes
flags		: fpu vme de pse tsc msr pae mce cx8 apic sep mtrr pge mca cmov pat pse36 clflush dts acpi mmx fxsr sse sse2 ss ht tm pbe syscall nx rdtscp lm constant_tsc arch_perfmon pebs bts rep_good nopl xtopology nonstop_tsc aperfmperf eagerfpu pni pclmulqdq dtes64 monitor ds_cpl vmx est tm2 ssse3 cx16 xtpr pdcm pcid sse4_1 sse4_2 x2apic popcnt tsc_deadline_timer aes xsave avx f16c rdrand lahf_lm ida arat epb pln pts dtherm tpr_shadow vnmi flexpriority ept vpid fsgsbase smep erms xsaveopt
bugs		:
bogomips	: 4389.96
clflush size	: 64
cache_alignment	: 64
address sizes	: 36 bits physical, 48 bits virtual
power management:



Memory: 4k page, physical 5969644k(2801696k free), swap 6148092k(6148092k free)

vm_info: OpenJDK 64-Bit Server VM (24.95-b01) for linux-amd64 JRE (1.7.0_95-b00), built on Jan 21 2016 03:36:38 by "buildd" with gcc 5.2.1 20151010

time: Tue Mar 15 20:32:09 2016
elapsed time: 80 seconds

