#
# A fatal error has been detected by the Java Runtime Environment:
#
#  Internal Error (javaClasses.cpp:139), pid=27588, tid=140525594961664
#  fatal error: Invalid layout of preloaded class
#
# JRE version:  (7.0_65-b32) (build )
# Java VM: OpenJDK 64-Bit Server VM (24.65-b04 mixed mode linux-amd64 compressed oops)
# Derivative: IcedTea 2.5.3
# Distribution: Ubuntu 14.10, package 7u71-2.5.3-0ubuntu1
# Failed to write core dump. Core dumps have been disabled. To enable core dumping, try "ulimit -c unlimited" before starting Java again
#
# If you would like to submit a bug report, please include
# instructions on how to reproduce the bug and visit:
#   http://icedtea.classpath.org/bugzilla
#

---------------  T H R E A D  ---------------

Current thread (0x00007fcea000a000):  JavaThread "Unknown thread" [_thread_in_vm, id=27590, stack(0x00007fceaa1b6000,0x00007fceaa2b7000)]

Stack: [0x00007fceaa1b6000,0x00007fceaa2b7000],  sp=0x00007fceaa2b5900,  free space=1022k
Native frames: (J=compiled Java code, j=interpreted, Vv=VM code, C=native code)
V  [libjvm.so+0x980aa6]  VMError::report_and_die()+0x186
V  [libjvm.so+0x48fe12]  report_fatal(char const*, int, char const*)+0x62
V  [libjvm.so+0x5fd2ef]  compute_offset(int&, klassOopDesc*, Symbol*, Symbol*, bool) [clone .constprop.61]+0xcf
V  [libjvm.so+0x5fd3d6]  java_lang_String::compute_offsets()+0x36
V  [libjvm.so+0x8ff16c]  SystemDictionary::initialize_preloaded_classes(Thread*)+0xdc
V  [libjvm.so+0x94a938]  Universe::genesis(Thread*)+0x468
V  [libjvm.so+0x94af43]  universe2_init()+0x33
V  [libjvm.so+0x5b02b8]  init_globals()+0xb8
V  [libjvm.so+0x92c4ef]  Threads::create_vm(JavaVMInitArgs*, bool*)+0x36f
V  [libjvm.so+0x61f360]  JNI_CreateJavaVM+0x60
C  [libjli.so+0x2b8e]


---------------  P R O C E S S  ---------------

Java Threads: ( => current thread )

Other Threads:

=>0x00007fcea000a000 (exited) JavaThread "Unknown thread" [_thread_in_vm, id=27590, stack(0x00007fceaa1b6000,0x00007fceaa2b7000)]

VM state:not at safepoint (not fully initialized)

VM Mutex/Monitor currently owned by a thread: None

GC Heap History (0 events):
No events

Deoptimization events (0 events):
No events

Internal exceptions (0 events):
No events

Events (10 events):
Event: 0.630 loading class 0x00007fcea5c816f0 done
Event: 0.630 loading class 0x00007fcea5c81110 done
Event: 0.630 loading class 0x00007fcea5c810f0
Event: 0.631 loading class 0x00007fcea5c89180
Event: 0.631 loading class 0x00007fcea5c89180 done
Event: 0.631 loading class 0x00007fcea5c891b0
Event: 0.631 loading class 0x00007fcea5c891b0 done
Event: 0.631 loading class 0x00007fcea5c891e0
Event: 0.631 loading class 0x00007fcea5c891e0 done
Event: 0.631 loading class 0x00007fcea5c810f0 done


Dynamic libraries:
00400000-00401000 r-xp 00000000 08:05 2897305                            /usr/lib/jvm/java-7-openjdk-amd64/jre/bin/java
00600000-00601000 r--p 00000000 08:05 2897305                            /usr/lib/jvm/java-7-openjdk-amd64/jre/bin/java
00601000-00602000 rw-p 00001000 08:05 2897305                            /usr/lib/jvm/java-7-openjdk-amd64/jre/bin/java
00922000-00943000 rw-p 00000000 00:00 0                                  [heap]
9a800000-9bd00000 rw-p 00000000 00:00 0 
9bd00000-a4e00000 rw-p 00000000 00:00 0 
a4e00000-a8a80000 rw-p 00000000 00:00 0 
a8a80000-e1a00000 rw-p 00000000 00:00 0 
e1a00000-e3880000 rw-p 00000000 00:00 0 
e3880000-100000000 rw-p 00000000 00:00 0 
7fce78000000-7fce78021000 rw-p 00000000 00:00 0 
7fce78021000-7fce7c000000 ---p 00000000 00:00 0 
7fce7cd40000-7fce80000000 rw-p 00000000 00:00 0 
7fce80000000-7fce80021000 rw-p 00000000 00:00 0 
7fce80021000-7fce84000000 ---p 00000000 00:00 0 
7fce84000000-7fce84021000 rw-p 00000000 00:00 0 
7fce84021000-7fce88000000 ---p 00000000 00:00 0 
7fce88000000-7fce88021000 rw-p 00000000 00:00 0 
7fce88021000-7fce8c000000 ---p 00000000 00:00 0 
7fce8c000000-7fce8c021000 rw-p 00000000 00:00 0 
7fce8c021000-7fce90000000 ---p 00000000 00:00 0 
7fce90000000-7fce90021000 rw-p 00000000 00:00 0 
7fce90021000-7fce94000000 ---p 00000000 00:00 0 
7fce94000000-7fce94021000 rw-p 00000000 00:00 0 
7fce94021000-7fce98000000 ---p 00000000 00:00 0 
7fce98000000-7fce98021000 rw-p 00000000 00:00 0 
7fce98021000-7fce9c000000 ---p 00000000 00:00 0 
7fce9d000000-7fce9d270000 rwxp 00000000 00:00 0 
7fce9d270000-7fcea005e000 rw-p 00000000 00:00 0 
7fcea005e000-7fcea4000000 ---p 00000000 00:00 0 
7fcea58d4000-7fcea5b34000 rw-p 00000000 00:00 0 
7fcea5b34000-7fcea5c0b000 r--s 013fe000 08:05 1055717                    /home/mohamed/Downloads/android-sdk-linux/platforms/android-19/android.jar
7fcea5c0b000-7fcea6050000 rw-p 00000000 00:00 0 
7fcea6050000-7fcea6051000 ---p 00000000 00:00 0 
7fcea6051000-7fcea6151000 rw-p 00000000 00:00 0                          [stack:27602]
7fcea6151000-7fcea6152000 ---p 00000000 00:00 0 
7fcea6152000-7fcea6252000 rw-p 00000000 00:00 0                          [stack:27601]
7fcea6252000-7fcea6253000 ---p 00000000 00:00 0 
7fcea6253000-7fcea6353000 rw-p 00000000 00:00 0                          [stack:27600]
7fcea6353000-7fcea6354000 ---p 00000000 00:00 0 
7fcea6354000-7fcea6454000 rw-p 00000000 00:00 0                          [stack:27599]
7fcea6454000-7fcea6455000 ---p 00000000 00:00 0 
7fcea6455000-7fcea6555000 rw-p 00000000 00:00 0                          [stack:27598]
7fcea6555000-7fcea6556000 ---p 00000000 00:00 0 
7fcea6556000-7fcea6656000 rw-p 00000000 00:00 0                          [stack:27597]
7fcea6656000-7fcea6657000 ---p 00000000 00:00 0 
7fcea6657000-7fcea6757000 rw-p 00000000 00:00 0                          [stack:27596]
7fcea6757000-7fcea6758000 ---p 00000000 00:00 0 
7fcea6758000-7fcea6863000 rw-p 00000000 00:00 0                          [stack:27595]
7fcea6863000-7fcea68ab000 rw-p 00000000 00:00 0 
7fcea68ab000-7fcea68ca000 rw-p 00000000 00:00 0 
7fcea68ca000-7fcea6a91000 rw-p 00000000 00:00 0 
7fcea6a91000-7fcea6a9c000 rw-p 00000000 00:00 0 
7fcea6a9c000-7fcea6ae4000 rw-p 00000000 00:00 0 
7fcea6ae4000-7fcea6b03000 rw-p 00000000 00:00 0 
7fcea6b03000-7fcea6cca000 rw-p 00000000 00:00 0 
7fcea6cca000-7fcea6cda000 rw-p 00000000 00:00 0 
7fcea6cda000-7fcea6dbd000 rw-p 00000000 00:00 0 
7fcea6dbd000-7fcea6dbe000 rw-p 00000000 00:00 0 
7fcea6dbe000-7fcea6dc6000 r-xp 00000000 08:05 2892149                    /usr/lib/jvm/java-7-openjdk-amd64/jre/lib/amd64/libzip.so
7fcea6dc6000-7fcea6fc5000 ---p 00008000 08:05 2892149                    /usr/lib/jvm/java-7-openjdk-amd64/jre/lib/amd64/libzip.so
7fcea6fc5000-7fcea6fc6000 r--p 00007000 08:05 2892149                    /usr/lib/jvm/java-7-openjdk-amd64/jre/lib/amd64/libzip.so
7fcea6fc6000-7fcea6fc7000 rw-p 00008000 08:05 2892149                    /usr/lib/jvm/java-7-openjdk-amd64/jre/lib/amd64/libzip.so
7fcea6fc7000-7fcea6fd2000 r-xp 00000000 08:05 4456624                    /lib/x86_64-linux-gnu/libnss_files-2.19.so
7fcea6fd2000-7fcea71d1000 ---p 0000b000 08:05 4456624                    /lib/x86_64-linux-gnu/libnss_files-2.19.so
7fcea71d1000-7fcea71d2000 r--p 0000a000 08:05 4456624                    /lib/x86_64-linux-gnu/libnss_files-2.19.so
7fcea71d2000-7fcea71d3000 rw-p 0000b000 08:05 4456624                    /lib/x86_64-linux-gnu/libnss_files-2.19.so
7fcea71d3000-7fcea71de000 r-xp 00000000 08:05 4456524                    /lib/x86_64-linux-gnu/libnss_nis-2.19.so
7fcea71de000-7fcea73dd000 ---p 0000b000 08:05 4456524                    /lib/x86_64-linux-gnu/libnss_nis-2.19.so
7fcea73dd000-7fcea73de000 r--p 0000a000 08:05 4456524                    /lib/x86_64-linux-gnu/libnss_nis-2.19.so
7fcea73de000-7fcea73df000 rw-p 0000b000 08:05 4456524                    /lib/x86_64-linux-gnu/libnss_nis-2.19.so
7fcea73df000-7fcea73f6000 r-xp 00000000 08:05 4456503                    /lib/x86_64-linux-gnu/libnsl-2.19.so
7fcea73f6000-7fcea75f5000 ---p 00017000 08:05 4456503                    /lib/x86_64-linux-gnu/libnsl-2.19.so
7fcea75f5000-7fcea75f6000 r--p 00016000 08:05 4456503                    /lib/x86_64-linux-gnu/libnsl-2.19.so
7fcea75f6000-7fcea75f7000 rw-p 00017000 08:05 4456503                    /lib/x86_64-linux-gnu/libnsl-2.19.so
7fcea75f7000-7fcea75f9000 rw-p 00000000 00:00 0 
7fcea75f9000-7fcea7602000 r-xp 00000000 08:05 4456511                    /lib/x86_64-linux-gnu/libnss_compat-2.19.so
7fcea7602000-7fcea7801000 ---p 00009000 08:05 4456511                    /lib/x86_64-linux-gnu/libnss_compat-2.19.so
7fcea7801000-7fcea7802000 r--p 00008000 08:05 4456511                    /lib/x86_64-linux-gnu/libnss_compat-2.19.so
7fcea7802000-7fcea7803000 rw-p 00009000 08:05 4456511                    /lib/x86_64-linux-gnu/libnss_compat-2.19.so
7fcea7803000-7fcea7830000 r-xp 00000000 08:05 2890761                    /usr/lib/jvm/java-7-openjdk-amd64/jre/lib/amd64/libjava.so
7fcea7830000-7fcea7a2f000 ---p 0002d000 08:05 2890761                    /usr/lib/jvm/java-7-openjdk-amd64/jre/lib/amd64/libjava.so
7fcea7a2f000-7fcea7a30000 r--p 0002c000 08:05 2890761                    /usr/lib/jvm/java-7-openjdk-amd64/jre/lib/amd64/libjava.so
7fcea7a30000-7fcea7a32000 rw-p 0002d000 08:05 2890761                    /usr/lib/jvm/java-7-openjdk-amd64/jre/lib/amd64/libjava.so
7fcea7a32000-7fcea7a43000 r-xp 00000000 08:05 2897165                    /usr/lib/jvm/java-7-openjdk-amd64/jre/lib/amd64/libverify.so
7fcea7a43000-7fcea7c42000 ---p 00011000 08:05 2897165                    /usr/lib/jvm/java-7-openjdk-amd64/jre/lib/amd64/libverify.so
7fcea7c42000-7fcea7c44000 r--p 00010000 08:05 2897165                    /usr/lib/jvm/java-7-openjdk-amd64/jre/lib/amd64/libverify.so
7fcea7c44000-7fcea7c45000 rw-p 00012000 08:05 2897165                    /usr/lib/jvm/java-7-openjdk-amd64/jre/lib/amd64/libverify.so
7fcea7c45000-7fcea7c4c000 r-xp 00000000 08:05 4456520                    /lib/x86_64-linux-gnu/librt-2.19.so
7fcea7c4c000-7fcea7e4b000 ---p 00007000 08:05 4456520                    /lib/x86_64-linux-gnu/librt-2.19.so
7fcea7e4b000-7fcea7e4c000 r--p 00006000 08:05 4456520                    /lib/x86_64-linux-gnu/librt-2.19.so
7fcea7e4c000-7fcea7e4d000 rw-p 00007000 08:05 4456520                    /lib/x86_64-linux-gnu/librt-2.19.so
7fcea7e4d000-7fcea7e63000 r-xp 00000000 08:05 4456522                    /lib/x86_64-linux-gnu/libgcc_s.so.1
7fcea7e63000-7fcea8062000 ---p 00016000 08:05 4456522                    /lib/x86_64-linux-gnu/libgcc_s.so.1
7fcea8062000-7fcea8063000 r--p 00015000 08:05 4456522                    /lib/x86_64-linux-gnu/libgcc_s.so.1
7fcea8063000-7fcea8064000 rw-p 00016000 08:05 4456522                    /lib/x86_64-linux-gnu/libgcc_s.so.1
7fcea8064000-7fcea8169000 r-xp 00000000 08:05 4456528                    /lib/x86_64-linux-gnu/libm-2.19.so
7fcea8169000-7fcea8368000 ---p 00105000 08:05 4456528                    /lib/x86_64-linux-gnu/libm-2.19.so
7fcea8368000-7fcea8369000 r--p 00104000 08:05 4456528                    /lib/x86_64-linux-gnu/libm-2.19.so
7fcea8369000-7fcea836a000 rw-p 00105000 08:05 4456528                    /lib/x86_64-linux-gnu/libm-2.19.so
7fcea836a000-7fcea845a000 r-xp 00000000 08:05 2885001                    /usr/lib/x86_64-linux-gnu/libstdc++.so.6.0.20
7fcea845a000-7fcea865a000 ---p 000f0000 08:05 2885001                    /usr/lib/x86_64-linux-gnu/libstdc++.so.6.0.20
7fcea865a000-7fcea8662000 r--p 000f0000 08:05 2885001                    /usr/lib/x86_64-linux-gnu/libstdc++.so.6.0.20
7fcea8662000-7fcea8664000 rw-p 000f8000 08:05 2885001                    /usr/lib/x86_64-linux-gnu/libstdc++.so.6.0.20
7fcea8664000-7fcea8679000 rw-p 00000000 00:00 0 
7fcea8679000-7fcea91c6000 r-xp 00000000 08:05 2897182                    /usr/lib/jvm/java-7-openjdk-amd64/jre/lib/amd64/server/libjvm.so
7fcea91c6000-7fcea93c6000 ---p 00b4d000 08:05 2897182                    /usr/lib/jvm/java-7-openjdk-amd64/jre/lib/amd64/server/libjvm.so
7fcea93c6000-7fcea9465000 r--p 00b4d000 08:05 2897182                    /usr/lib/jvm/java-7-openjdk-amd64/jre/lib/amd64/server/libjvm.so
7fcea9465000-7fcea9488000 rw-p 00bec000 08:05 2897182                    /usr/lib/jvm/java-7-openjdk-amd64/jre/lib/amd64/server/libjvm.so
7fcea9488000-7fcea94b5000 rw-p 00000000 00:00 0 
7fcea94b5000-7fcea94cd000 r-xp 00000000 08:05 4460537                    /lib/x86_64-linux-gnu/libz.so.1.2.8
7fcea94cd000-7fcea96cc000 ---p 00018000 08:05 4460537                    /lib/x86_64-linux-gnu/libz.so.1.2.8
7fcea96cc000-7fcea96cd000 r--p 00017000 08:05 4460537                    /lib/x86_64-linux-gnu/libz.so.1.2.8
7fcea96cd000-7fcea96ce000 rw-p 00018000 08:05 4460537                    /lib/x86_64-linux-gnu/libz.so.1.2.8
7fcea96ce000-7fcea96e6000 r-xp 00000000 08:05 4456512                    /lib/x86_64-linux-gnu/libpthread-2.19.so
7fcea96e6000-7fcea98e6000 ---p 00018000 08:05 4456512                    /lib/x86_64-linux-gnu/libpthread-2.19.so
7fcea98e6000-7fcea98e7000 r--p 00018000 08:05 4456512                    /lib/x86_64-linux-gnu/libpthread-2.19.so
7fcea98e7000-7fcea98e8000 rw-p 00019000 08:05 4456512                    /lib/x86_64-linux-gnu/libpthread-2.19.so
7fcea98e8000-7fcea98ec000 rw-p 00000000 00:00 0 
7fcea98ec000-7fcea98ef000 r-xp 00000000 08:05 4456725                    /lib/x86_64-linux-gnu/libdl-2.19.so
7fcea98ef000-7fcea9aee000 ---p 00003000 08:05 4456725                    /lib/x86_64-linux-gnu/libdl-2.19.so
7fcea9aee000-7fcea9aef000 r--p 00002000 08:05 4456725                    /lib/x86_64-linux-gnu/libdl-2.19.so
7fcea9aef000-7fcea9af0000 rw-p 00003000 08:05 4456725                    /lib/x86_64-linux-gnu/libdl-2.19.so
7fcea9af0000-7fcea9caa000 r-xp 00000000 08:05 4456500                    /lib/x86_64-linux-gnu/libc-2.19.so
7fcea9caa000-7fcea9eaa000 ---p 001ba000 08:05 4456500                    /lib/x86_64-linux-gnu/libc-2.19.so
7fcea9eaa000-7fcea9eae000 r--p 001ba000 08:05 4456500                    /lib/x86_64-linux-gnu/libc-2.19.so
7fcea9eae000-7fcea9eb0000 rw-p 001be000 08:05 4456500                    /lib/x86_64-linux-gnu/libc-2.19.so
7fcea9eb0000-7fcea9eb5000 rw-p 00000000 00:00 0 
7fcea9eb5000-7fcea9ec2000 r-xp 00000000 08:05 2897193                    /usr/lib/jvm/java-7-openjdk-amd64/jre/lib/amd64/jli/libjli.so
7fcea9ec2000-7fceaa0c1000 ---p 0000d000 08:05 2897193                    /usr/lib/jvm/java-7-openjdk-amd64/jre/lib/amd64/jli/libjli.so
7fceaa0c1000-7fceaa0c2000 r--p 0000c000 08:05 2897193                    /usr/lib/jvm/java-7-openjdk-amd64/jre/lib/amd64/jli/libjli.so
7fceaa0c2000-7fceaa0c3000 rw-p 0000d000 08:05 2897193                    /usr/lib/jvm/java-7-openjdk-amd64/jre/lib/amd64/jli/libjli.so
7fceaa0c3000-7fceaa0e6000 r-xp 00000000 08:05 4456552                    /lib/x86_64-linux-gnu/ld-2.19.so
7fceaa0f6000-7fceaa100000 rw-p 00000000 00:00 0 
7fceaa100000-7fceaa1b6000 rw-p 00000000 00:00 0 
7fceaa1b6000-7fceaa1b9000 ---p 00000000 00:00 0 
7fceaa1b9000-7fceaa2bc000 rw-p 00000000 00:00 0                          [stack:27590]
7fceaa2d7000-7fceaa2d9000 rw-p 00000000 00:00 0 
7fceaa2d9000-7fceaa2e1000 rw-s 00000000 08:05 137016                     /tmp/hsperfdata_mohamed/27588
7fceaa2e1000-7fceaa2e2000 rw-p 00000000 00:00 0 
7fceaa2e2000-7fceaa2e3000 r--p 00000000 00:00 0 
7fceaa2e3000-7fceaa2e5000 rw-p 00000000 00:00 0 
7fceaa2e5000-7fceaa2e6000 r--p 00022000 08:05 4456552                    /lib/x86_64-linux-gnu/ld-2.19.so
7fceaa2e6000-7fceaa2e7000 rw-p 00023000 08:05 4456552                    /lib/x86_64-linux-gnu/ld-2.19.so
7fceaa2e7000-7fceaa2e8000 rw-p 00000000 00:00 0 
7fffba1d1000-7fffba1f2000 rw-p 00000000 00:00 0                          [stack]
7fffba1fc000-7fffba1fe000 r-xp 00000000 00:00 0                          [vdso]
7fffba1fe000-7fffba200000 r--p 00000000 00:00 0                          [vvar]
ffffffffff600000-ffffffffff601000 r-xp 00000000 00:00 0                  [vsyscall]

VM Arguments:
jvm_args: -Dfile.encoding=UTF-8 -Xbootclasspath:/home/mohamed/Downloads/android-sdk-linux/platforms/android-19/android.jar 
java_command: com.example.unibook.EventsActivity
Launcher Type: SUN_STANDARD

Environment Variables:
PATH=/usr/local/sbin:/usr/local/bin:/usr/sbin:/usr/bin:/sbin:/bin:/usr/games:/usr/local/games:/home/mohamed/.rvm/bin
SHELL=/bin/bash
DISPLAY=:0

Signal Handlers:
SIGSEGV: [libjvm.so+0x981590], sa_mask[0]=0x7ffbfeff, sa_flags=0x10000004
SIGBUS: [libjvm.so+0x981590], sa_mask[0]=0x7ffbfeff, sa_flags=0x10000004
SIGFPE: [libjvm.so+0x7efd60], sa_mask[0]=0x7ffbfeff, sa_flags=0x10000004
SIGPIPE: [libjvm.so+0x7efd60], sa_mask[0]=0x7ffbfeff, sa_flags=0x10000004
SIGXFSZ: [libjvm.so+0x7efd60], sa_mask[0]=0x7ffbfeff, sa_flags=0x10000004
SIGILL: [libjvm.so+0x7efd60], sa_mask[0]=0x7ffbfeff, sa_flags=0x10000004
SIGUSR1: SIG_DFL, sa_mask[0]=0x00000000, sa_flags=0x00000000
SIGUSR2: [libjvm.so+0x7efbe0], sa_mask[0]=0x00000004, sa_flags=0x10000004
SIGHUP: SIG_DFL, sa_mask[0]=0x00000000, sa_flags=0x00000000
SIGINT: SIG_DFL, sa_mask[0]=0x00000000, sa_flags=0x00000000
SIGTERM: SIG_DFL, sa_mask[0]=0x00000000, sa_flags=0x00000000
SIGQUIT: SIG_DFL, sa_mask[0]=0x00000000, sa_flags=0x00000000
SIGTRAP: SIG_DFL, sa_mask[0]=0x00000000, sa_flags=0x00000000


---------------  S Y S T E M  ---------------

OS:Ubuntu 14.10 (utopic)
uname:Linux 3.16.0-25-generic #33-Ubuntu SMP Tue Nov 4 12:06:54 UTC 2014 x86_64
libc:glibc 2.19 NPTL 2.19 
rlimit: STACK 8192k, CORE 0k, NPROC 23235, NOFILE 4096, AS infinity
load average:1.63 1.64 1.69

/proc/meminfo:
MemTotal:        5970416 kB
MemFree:          147036 kB
MemAvailable:     931040 kB
Buffers:           49540 kB
Cached:          1302652 kB
SwapCached:         5744 kB
Active:          3898324 kB
Inactive:        1557204 kB
Active(anon):    3450736 kB
Inactive(anon):  1116500 kB
Active(file):     447588 kB
Inactive(file):   440704 kB
Unevictable:         160 kB
Mlocked:             160 kB
SwapTotal:       6148092 kB
SwapFree:        5930300 kB
Dirty:               304 kB
Writeback:             0 kB
AnonPages:       4099564 kB
Mapped:           419812 kB
Shmem:            463716 kB
Slab:             183620 kB
SReclaimable:     129312 kB
SUnreclaim:        54308 kB
KernelStack:       14000 kB
PageTables:        71100 kB
NFS_Unstable:          0 kB
Bounce:                0 kB
WritebackTmp:          0 kB
CommitLimit:     9133300 kB
Committed_AS:   12662592 kB
VmallocTotal:   34359738367 kB
VmallocUsed:      566004 kB
VmallocChunk:   34359040772 kB
HardwareCorrupted:     0 kB
AnonHugePages:    952320 kB
HugePages_Total:       0
HugePages_Free:        0
HugePages_Rsvd:        0
HugePages_Surp:        0
Hugepagesize:       2048 kB
DirectMap4k:       82168 kB
DirectMap2M:     6068224 kB


CPU:total 8 (4 cores per cpu, 2 threads per core) family 6 model 58 stepping 9, cmov, cx8, fxsr, mmx, sse, sse2, sse3, ssse3, sse4.1, sse4.2, popcnt, avx, aes, erms, ht, tsc, tscinvbit, tscinv

/proc/cpuinfo:
processor	: 0
vendor_id	: GenuineIntel
cpu family	: 6
model		: 58
model name	: Intel(R) Core(TM) i7-3632QM CPU @ 2.20GHz
stepping	: 9
microcode	: 0x12
cpu MHz		: 1542.320
cache size	: 6144 KB
physical id	: 0
siblings	: 8
core id		: 0
cpu cores	: 4
apicid		: 0
initial apicid	: 0
fpu		: yes
fpu_exception	: yes
cpuid level	: 13
wp		: yes
flags		: fpu vme de pse tsc msr pae mce cx8 apic sep mtrr pge mca cmov pat pse36 clflush dts acpi mmx fxsr sse sse2 ss ht tm pbe syscall nx rdtscp lm constant_tsc arch_perfmon pebs bts rep_good nopl xtopology nonstop_tsc aperfmperf eagerfpu pni pclmulqdq dtes64 monitor ds_cpl vmx est tm2 ssse3 cx16 xtpr pdcm pcid sse4_1 sse4_2 x2apic popcnt tsc_deadline_timer aes xsave avx f16c rdrand lahf_lm ida arat epb xsaveopt pln pts dtherm tpr_shadow vnmi flexpriority ept vpid fsgsbase smep erms
bogomips	: 4390.02
clflush size	: 64
cache_alignment	: 64
address sizes	: 36 bits physical, 48 bits virtual
power management:

processor	: 1
vendor_id	: GenuineIntel
cpu family	: 6
model		: 58
model name	: Intel(R) Core(TM) i7-3632QM CPU @ 2.20GHz
stepping	: 9
microcode	: 0x12
cpu MHz		: 1684.632
cache size	: 6144 KB
physical id	: 0
siblings	: 8
core id		: 0
cpu cores	: 4
apicid		: 1
initial apicid	: 1
fpu		: yes
fpu_exception	: yes
cpuid level	: 13
wp		: yes
flags		: fpu vme de pse tsc msr pae mce cx8 apic sep mtrr pge mca cmov pat pse36 clflush dts acpi mmx fxsr sse sse2 ss ht tm pbe syscall nx rdtscp lm constant_tsc arch_perfmon pebs bts rep_good nopl xtopology nonstop_tsc aperfmperf eagerfpu pni pclmulqdq dtes64 monitor ds_cpl vmx est tm2 ssse3 cx16 xtpr pdcm pcid sse4_1 sse4_2 x2apic popcnt tsc_deadline_timer aes xsave avx f16c rdrand lahf_lm ida arat epb xsaveopt pln pts dtherm tpr_shadow vnmi flexpriority ept vpid fsgsbase smep erms
bogomips	: 4390.02
clflush size	: 64
cache_alignment	: 64
address sizes	: 36 bits physical, 48 bits virtual
power management:

processor	: 2
vendor_id	: GenuineIntel
cpu family	: 6
model		: 58
model name	: Intel(R) Core(TM) i7-3632QM CPU @ 2.20GHz
stepping	: 9
microcode	: 0x12
cpu MHz		: 1466.351
cache size	: 6144 KB
physical id	: 0
siblings	: 8
core id		: 1
cpu cores	: 4
apicid		: 2
initial apicid	: 2
fpu		: yes
fpu_exception	: yes
cpuid level	: 13
wp		: yes
flags		: fpu vme de pse tsc msr pae mce cx8 apic sep mtrr pge mca cmov pat pse36 clflush dts acpi mmx fxsr sse sse2 ss ht tm pbe syscall nx rdtscp lm constant_tsc arch_perfmon pebs bts rep_good nopl xtopology nonstop_tsc aperfmperf eagerfpu pni pclmulqdq dtes64 monitor ds_cpl vmx est tm2 ssse3 cx16 xtpr pdcm pcid sse4_1 sse4_2 x2apic popcnt tsc_deadline_timer aes xsave avx f16c rdrand lahf_lm ida arat epb xsaveopt pln pts dtherm tpr_shadow vnmi flexpriority ept vpid fsgsbase smep erms
bogomips	: 4390.02
clflush size	: 64
cache_alignment	: 64
address sizes	: 36 bits physical, 48 bits virtual
power management:

processor	: 3
vendor_id	: GenuineIntel
cpu family	: 6
model		: 58
model name	: Intel(R) Core(TM) i7-3632QM CPU @ 2.20GHz
stepping	: 9
microcode	: 0x12
cpu MHz		: 1704.398
cache size	: 6144 KB
physical id	: 0
siblings	: 8
core id		: 1
cpu cores	: 4
apicid		: 3
initial apicid	: 3
fpu		: yes
fpu_exception	: yes
cpuid level	: 13
wp		: yes
flags		: fpu vme de pse tsc msr pae mce cx8 apic sep mtrr pge mca cmov pat pse36 clflush dts acpi mmx fxsr sse sse2 ss ht tm pbe syscall nx rdtscp lm constant_tsc arch_perfmon pebs bts rep_good nopl xtopology nonstop_tsc aperfmperf eagerfpu pni pclmulqdq dtes64 monitor ds_cpl vmx est tm2 ssse3 cx16 xtpr pdcm pcid sse4_1 sse4_2 x2apic popcnt tsc_deadline_timer aes xsave avx f16c rdrand lahf_lm ida arat epb xsaveopt pln pts dtherm tpr_shadow vnmi flexpriority ept vpid fsgsbase smep erms
bogomips	: 4390.02
clflush size	: 64
cache_alignment	: 64
address sizes	: 36 bits physical, 48 bits virtual
power management:

processor	: 4
vendor_id	: GenuineIntel
cpu family	: 6
model		: 58
model name	: Intel(R) Core(TM) i7-3632QM CPU @ 2.20GHz
stepping	: 9
microcode	: 0x12
cpu MHz		: 1870.859
cache size	: 6144 KB
physical id	: 0
siblings	: 8
core id		: 2
cpu cores	: 4
apicid		: 4
initial apicid	: 4
fpu		: yes
fpu_exception	: yes
cpuid level	: 13
wp		: yes
flags		: fpu vme de pse tsc msr pae mce cx8 apic sep mtrr pge mca cmov pat pse36 clflush dts acpi mmx fxsr sse sse2 ss ht tm pbe syscall nx rdtscp lm constant_tsc arch_perfmon pebs bts rep_good nopl xtopology nonstop_tsc aperfmperf eagerfpu pni pclmulqdq dtes64 monitor ds_cpl vmx est tm2 ssse3 cx16 xtpr pdcm pcid sse4_1 sse4_2 x2apic popcnt tsc_deadline_timer aes xsave avx f16c rdrand lahf_lm ida arat epb xsaveopt pln pts dtherm tpr_shadow vnmi flexpriority ept vpid fsgsbase smep erms
bogomips	: 4390.02
clflush size	: 64
cache_alignment	: 64
address sizes	: 36 bits physical, 48 bits virtual
power management:

processor	: 5
vendor_id	: GenuineIntel
cpu family	: 6
model		: 58
model name	: Intel(R) Core(TM) i7-3632QM CPU @ 2.20GHz
stepping	: 9
microcode	: 0x12
cpu MHz		: 1565.953
cache size	: 6144 KB
physical id	: 0
siblings	: 8
core id		: 2
cpu cores	: 4
apicid		: 5
initial apicid	: 5
fpu		: yes
fpu_exception	: yes
cpuid level	: 13
wp		: yes
flags		: fpu vme de pse tsc msr pae mce cx8 apic sep mtrr pge mca cmov pat pse36 clflush dts acpi mmx fxsr sse sse2 ss ht tm pbe syscall nx rdtscp lm constant_tsc arch_perfmon pebs bts rep_good nopl xtopology nonstop_tsc aperfmperf eagerfpu pni pclmulqdq dtes64 monitor ds_cpl vmx est tm2 ssse3 cx16 xtpr pdcm pcid sse4_1 sse4_2 x2apic popcnt tsc_deadline_timer aes xsave avx f16c rdrand lahf_lm ida arat epb xsaveopt pln pts dtherm tpr_shadow vnmi flexpriority ept vpid fsgsbase smep erms
bogomips	: 4390.02
clflush size	: 64
cache_alignment	: 64
address sizes	: 36 bits physical, 48 bits virtual
power management:

processor	: 6
vendor_id	: GenuineIntel
cpu family	: 6
model		: 58
model name	: Intel(R) Core(TM) i7-3632QM CPU @ 2.20GHz
stepping	: 9
microcode	: 0x12
cpu MHz		: 1369.328
cache size	: 6144 KB
physical id	: 0
siblings	: 8
core id		: 3
cpu cores	: 4
apicid		: 6
initial apicid	: 6
fpu		: yes
fpu_exception	: yes
cpuid level	: 13
wp		: yes
flags		: fpu vme de pse tsc msr pae mce cx8 apic sep mtrr pge mca cmov pat pse36 clflush dts acpi mmx fxsr sse sse2 ss ht tm pbe syscall nx rdtscp lm constant_tsc arch_perfmon pebs bts rep_good nopl xtopology nonstop_tsc aperfmperf eagerfpu pni pclmulqdq dtes64 monitor ds_cpl vmx est tm2 ssse3 cx16 xtpr pdcm pcid sse4_1 sse4_2 x2apic popcnt tsc_deadline_timer aes xsave avx f16c rdrand lahf_lm ida arat epb xsaveopt pln pts dtherm tpr_shadow vnmi flexpriority ept vpid fsgsbase smep erms
bogomips	: 4390.02
clflush size	: 64
cache_alignment	: 64
address sizes	: 36 bits physical, 48 bits virtual
power management:

processor	: 7
vendor_id	: GenuineIntel
cpu family	: 6
model		: 58
model name	: Intel(R) Core(TM) i7-3632QM CPU @ 2.20GHz
stepping	: 9
microcode	: 0x12
cpu MHz		: 1427.421
cache size	: 6144 KB
physical id	: 0
siblings	: 8
core id		: 3
cpu cores	: 4
apicid		: 7
initial apicid	: 7
fpu		: yes
fpu_exception	: yes
cpuid level	: 13
wp		: yes
flags		: fpu vme de pse tsc msr pae mce cx8 apic sep mtrr pge mca cmov pat pse36 clflush dts acpi mmx fxsr sse sse2 ss ht tm pbe syscall nx rdtscp lm constant_tsc arch_perfmon pebs bts rep_good nopl xtopology nonstop_tsc aperfmperf eagerfpu pni pclmulqdq dtes64 monitor ds_cpl vmx est tm2 ssse3 cx16 xtpr pdcm pcid sse4_1 sse4_2 x2apic popcnt tsc_deadline_timer aes xsave avx f16c rdrand lahf_lm ida arat epb xsaveopt pln pts dtherm tpr_shadow vnmi flexpriority ept vpid fsgsbase smep erms
bogomips	: 4390.02
clflush size	: 64
cache_alignment	: 64
address sizes	: 36 bits physical, 48 bits virtual
power management:



Memory: 4k page, physical 5970416k(147036k free), swap 6148092k(5930300k free)

vm_info: OpenJDK 64-Bit Server VM (24.65-b04) for linux-amd64 JRE (1.7.0_65-b32), built on Oct 22 2014 04:20:25 by "buildd" with gcc 4.9.1

time: Fri Dec 26 13:03:16 2014
elapsed time: 0 seconds

